2026-03-21 09:32:35.308 DEBUG [main] i.g.S.k8sattackmap.Main - Verbose logging enabled.
2026-03-21 09:32:35.311 INFO  [main] i.g.S.k8sattackmap.Main - No Kubernetes JSON path provided. Using kubectl to extract cluster data...
2026-03-21 09:32:35.312 INFO  [main] i.g.S.k.ingestion.KubectlExtractor - Fetching cluster state from Kubectl...
2026-03-21 09:32:40.652 DEBUG [main] i.g.S.k8sattackmap.Main - Verbose logging enabled.
2026-03-21 09:32:40.653 INFO  [main] i.g.S.k8sattackmap.Main - No Kubernetes JSON path provided. Using kubectl to extract cluster data...
2026-03-21 09:32:40.653 INFO  [main] i.g.S.k.ingestion.KubectlExtractor - Fetching cluster state from Kubectl...
2026-03-21 09:32:45.664 ERROR [main] i.g.S.k.ingestion.KubectlExtractor - CRITICAL: kubectl timed out after 5 seconds. The cluster is unreachable.
2026-03-21 09:32:45.667 ERROR [main] i.g.S.k8sattackmap.Main - Failed to fetch cluster state using kubectl. Please ensure kubectl is installed, configured correctly, and you have access to the cluster. Alternatively, provide a JSON file with --k8s-json.
2026-03-21 09:33:51.631 DEBUG [main] i.g.S.k8sattackmap.Main - Verbose logging enabled.
2026-03-21 09:33:51.632 INFO  [main] i.g.S.k8sattackmap.Main - No Kubernetes JSON path provided. Using kubectl to extract cluster data...
2026-03-21 09:33:51.633 INFO  [main] i.g.S.k.ingestion.KubectlExtractor - Fetching cluster state from Kubectl...
2026-03-21 09:35:36.316 DEBUG [main] i.g.S.k8sattackmap.Main - Verbose logging enabled.
2026-03-21 09:35:36.316 INFO  [main] i.g.S.k8sattackmap.Main - No Kubernetes JSON path provided. Using kubectl to extract cluster data...
2026-03-21 09:35:36.317 INFO  [main] i.g.S.k.ingestion.KubectlExtractor - Fetching cluster state from Kubectl...
2026-03-21 10:55:04.425 INFO  [main] i.g.S.k8sattackmap.Main - No Kubernetes JSON path provided. Using kubectl to extract cluster data...
2026-03-21 10:55:04.426 INFO  [main] i.g.S.k.ingestion.KubectlExtractor - Fetching cluster state from Kubectl...
2026-03-21 11:03:45.275 INFO  [main] i.g.S.k8sattackmap.Main - No Kubernetes JSON path provided. Using kubectl to extract cluster data...
2026-03-21 11:03:45.276 INFO  [main] i.g.S.k.ingestion.KubectlExtractor - Fetching cluster state from Kubectl...
2026-03-21 11:03:50.284 ERROR [main] i.g.S.k.ingestion.KubectlExtractor - CRITICAL: kubectl timed out after 5 seconds. The cluster is unreachable.
2026-03-21 11:03:50.288 ERROR [main] i.g.S.k8sattackmap.Main - Failed to fetch cluster state using kubectl. Please ensure kubectl is installed, configured correctly, and you have access to the cluster. Alternatively, provide a JSON file with --k8s-json.
2026-03-21 11:11:14.030 INFO  [main] i.g.S.k8sattackmap.Main - No Kubernetes JSON path provided. Using kubectl to extract cluster data...
2026-03-21 11:11:14.031 INFO  [main] i.g.S.k.ingestion.KubectlExtractor - Fetching cluster state from Kubectl...
2026-03-21 11:11:43.049 DEBUG [main] i.g.S.k8sattackmap.Main - Verbose logging enabled.
2026-03-21 11:11:43.050 INFO  [main] i.g.S.k8sattackmap.Main - No Kubernetes JSON path provided. Using kubectl to extract cluster data...
2026-03-21 11:11:43.051 INFO  [main] i.g.S.k.ingestion.KubectlExtractor - Fetching cluster state from Kubectl...
2026-03-21 11:20:08.065 DEBUG [main] i.g.S.k8sattackmap.Main - Verbose logging enabled.
2026-03-21 11:20:08.065 INFO  [main] i.g.S.k8sattackmap.Main - No Kubernetes JSON path provided. Using kubectl to extract cluster data...
2026-03-21 11:20:08.066 INFO  [main] i.g.S.k.ingestion.KubectlExtractor - Fetching cluster state from Kubectl...
2026-03-21 11:25:09.302 DEBUG [main] i.g.S.k8sattackmap.Main - Verbose logging enabled.
2026-03-21 11:25:09.303 INFO  [main] i.g.S.k8sattackmap.Main - No Kubernetes JSON path provided. Using kubectl to extract cluster data...
2026-03-21 11:25:09.303 INFO  [main] i.g.S.k.ingestion.KubectlExtractor - Fetching cluster state from Kubectl...
2026-03-21 11:39:10.060 DEBUG [main] i.g.S.k8sattackmap.Main - Verbose logging enabled.
2026-03-21 11:39:10.060 INFO  [main] i.g.S.k8sattackmap.Main - No Kubernetes JSON path provided. Using kubectl to extract cluster data...
2026-03-21 11:39:10.061 INFO  [main] i.g.S.k.ingestion.KubectlExtractor - Fetching cluster state from Kubectl...
2026-03-21 11:39:14.072 DEBUG [main] i.g.S.k8sattackmap.Main - Verbose logging enabled.
2026-03-21 11:39:14.072 INFO  [main] i.g.S.k8sattackmap.Main - No Kubernetes JSON path provided. Using kubectl to extract cluster data...
2026-03-21 11:39:14.073 INFO  [main] i.g.S.k.ingestion.KubectlExtractor - Fetching cluster state from Kubectl...
2026-03-21 11:39:19.083 ERROR [main] i.g.S.k.ingestion.KubectlExtractor - CRITICAL: kubectl timed out after 5 seconds. The cluster is unreachable.
2026-03-21 11:39:19.087 ERROR [main] i.g.S.k8sattackmap.Main - Failed to fetch cluster state using kubectl. Please ensure kubectl is installed, configured correctly, and you have access to the cluster. Alternatively, provide a JSON file with --k8s-json.
2026-03-21 11:54:30.951 DEBUG [main] i.g.S.k8sattackmap.Main - Verbose logging enabled.
2026-03-21 11:54:30.952 INFO  [main] i.g.S.k8sattackmap.Main - No Kubernetes JSON path provided. Using kubectl to extract cluster data...
2026-03-21 11:54:30.953 INFO  [main] i.g.S.k.ingestion.KubectlExtractor - Fetching cluster state from Kubectl...
2026-03-21 11:54:35.961 ERROR [main] i.g.S.k.ingestion.KubectlExtractor - CRITICAL: kubectl timed out after 5 seconds. The cluster is unreachable.
2026-03-21 11:54:35.964 ERROR [main] i.g.S.k8sattackmap.Main - Failed to fetch cluster state using kubectl. Please ensure kubectl is installed, configured correctly, and you have access to the cluster. Alternatively, provide a JSON file with --k8s-json.
2026-03-21 11:54:59.044 DEBUG [main] i.g.S.k8sattackmap.Main - Verbose logging enabled.
2026-03-21 11:54:59.045 INFO  [main] i.g.S.k8sattackmap.Main - No Kubernetes JSON path provided. Using kubectl to extract cluster data...
2026-03-21 11:54:59.046 INFO  [main] i.g.S.k.ingestion.KubectlExtractor - Fetching cluster state from Kubectl...
2026-03-21 11:55:04.054 ERROR [main] i.g.S.k.ingestion.KubectlExtractor - CRITICAL: kubectl timed out after 5 seconds. The cluster is unreachable.
2026-03-21 11:55:04.058 ERROR [main] i.g.S.k8sattackmap.Main - Failed to fetch cluster state using kubectl. Please ensure kubectl is installed, configured correctly, and you have access to the cluster. Alternatively, provide a JSON file with --k8s-json.
2026-03-21 11:55:33.715 DEBUG [main] i.g.S.k8sattackmap.Main - Verbose logging enabled.
2026-03-21 11:55:33.715 INFO  [main] i.g.S.k8sattackmap.Main - No Kubernetes JSON path provided. Using kubectl to extract cluster data...
2026-03-21 11:55:33.716 INFO  [main] i.g.S.k.ingestion.KubectlExtractor - Fetching cluster state from Kubectl...
2026-03-21 11:55:38.725 ERROR [main] i.g.S.k.ingestion.KubectlExtractor - CRITICAL: kubectl timed out after 5 seconds. The cluster is unreachable.
2026-03-21 11:55:38.729 ERROR [main] i.g.S.k.ingestion.KubectlExtractor - Exception while executing kubectl command: kubectl command timed out. Cluster may be unreachable or kubectl may not be configured correctly.
2026-03-21 11:55:38.731 TRACE [main] i.g.S.k.ingestion.KubectlExtractor - Stack trace:
java.lang.RuntimeException: kubectl command timed out. Cluster may be unreachable or kubectl may not be configured correctly.
	at K8sAttackMap/io.github.SaptarshiSarkar12.k8sattackmap.ingestion.KubectlExtractor.fetchClusterStateAsJson(KubectlExtractor.java:37)
	at K8sAttackMap/io.github.SaptarshiSarkar12.k8sattackmap.Main.main(Main.java:53)
2026-03-21 11:55:38.733 ERROR [main] i.g.S.k8sattackmap.Main - Failed to fetch cluster state using kubectl. Please ensure kubectl is installed, configured correctly, and you have access to the cluster. Alternatively, provide a JSON file with --k8s-json.
2026-03-21 11:56:28.963 DEBUG [main] i.g.S.k8sattackmap.Main - Verbose logging enabled.
2026-03-21 11:56:28.964 INFO  [main] i.g.S.k8sattackmap.Main - No Kubernetes JSON path provided. Using kubectl to extract cluster data...
2026-03-21 11:56:28.965 INFO  [main] i.g.S.k.ingestion.KubectlExtractor - Fetching cluster state from Kubectl...
2026-03-21 11:56:33.973 ERROR [main] i.g.S.k.ingestion.KubectlExtractor - CRITICAL: kubectl timed out after 5 seconds. The cluster is unreachable.
2026-03-21 11:56:33.977 ERROR [main] i.g.S.k.ingestion.KubectlExtractor - Exception while executing kubectl command: kubectl command timed out. Cluster may be unreachable or kubectl may not be configured correctly.
2026-03-21 11:56:33.979 ERROR [main] i.g.S.k8sattackmap.Main - Failed to fetch cluster state using kubectl. Please ensure kubectl is installed, configured correctly, and you have access to the cluster. Alternatively, provide a JSON file with --k8s-json.
2026-03-21 12:13:15.394 DEBUG [main] i.g.S.k8sattackmap.Main - Verbose logging enabled.
2026-03-21 12:13:15.395 INFO  [main] i.g.S.k8sattackmap.Main - No Kubernetes JSON path provided. Using kubectl to extract cluster data...
2026-03-21 12:13:15.396 INFO  [main] i.g.S.k.ingestion.KubectlExtractor - Fetching cluster state from Kubectl...
2026-03-21 12:14:50.664 DEBUG [main] i.g.S.k8sattackmap.Main - Verbose logging enabled.
2026-03-21 12:14:50.665 INFO  [main] i.g.S.k8sattackmap.Main - No Kubernetes JSON path provided. Using kubectl to extract cluster data...
2026-03-21 12:14:50.665 INFO  [main] i.g.S.k.ingestion.KubectlExtractor - Fetching cluster state from Kubectl...
2026-03-21 12:18:58.790 DEBUG [main] i.g.S.k8sattackmap.Main - Verbose logging enabled.
2026-03-21 12:18:58.791 INFO  [main] i.g.S.k8sattackmap.Main - No Kubernetes JSON path provided. Using kubectl to extract cluster data...
2026-03-21 12:18:58.792 INFO  [main] i.g.S.k.ingestion.KubectlExtractor - Fetching cluster state from Kubectl...
