2026-03-20 15:25:22.711 DEBUG [main] i.g.S.k8sattackmap.Main - Verbose logging enabled.
2026-03-20 15:25:22.712 INFO  [main] i.g.S.k8sattackmap.Main - No Kubernetes JSON path provided. Using kubectl to extract cluster data...
2026-03-20 15:25:22.712 INFO  [main] i.g.S.k.ingestion.KubectlExtractor - Fetching cluster state from Kubectl...
2026-03-20 15:25:22.860 DEBUG [main] i.g.S.k.ingestion.KubectlExtractor - Successfully fetched cluster state JSON. Length: 516937 characters
2026-03-20 15:25:22.925 DEBUG [main] i.g.S.k.ingestion.K8sJsonParser - Parsing Kubernetes JSON data with 237 items.
2026-03-20 15:25:22.927 INFO  [main] i.g.S.k.security.TrivyScanner - Scanning image registry.k8s.io/coredns/coredns:v1.13.1
2026-03-20 15:25:29.502 INFO  [main] i.g.S.k.security.TrivyScanner - Scanning image registry.k8s.io/etcd:3.6.6-0
2026-03-20 15:25:31.875 INFO  [main] i.g.S.k.security.TrivyScanner - Scanning image registry.k8s.io/kube-apiserver:v1.35.1
2026-03-20 15:25:33.588 INFO  [main] i.g.S.k.security.TrivyScanner - Scanning image registry.k8s.io/kube-controller-manager:v1.35.1
2026-03-20 15:25:35.327 INFO  [main] i.g.S.k.security.TrivyScanner - Scanning image registry.k8s.io/kube-proxy:v1.35.1
2026-03-20 15:25:37.110 INFO  [main] i.g.S.k.security.TrivyScanner - Scanning image registry.k8s.io/kube-scheduler:v1.35.1
2026-03-20 15:25:38.876 INFO  [main] i.g.S.k.security.TrivyScanner - Scanning image gcr.io/k8s-minikube/storage-provisioner:v5
2026-03-20 15:25:41.640 INFO  [main] i.g.S.k.security.TrivyScanner - Scanning image docker.io/kubernetesui/metrics-scraper:v1.0.8@sha256:76049887f07a0476dc93efc2d3569b9529bf982b22d29f356092ce206e98765c
2026-03-20 15:25:44.362 INFO  [main] i.g.S.k.security.TrivyScanner - Scanning image docker.io/kubernetesui/dashboard:v2.7.0@sha256:2e500d29e9d5f4a086b908eb8dfe7ecac57d2ab09d65b24f588b1d449841ef93
2026-03-20 15:25:46.745 INFO  [main] i.g.S.k.graph.ClusterGraph - Building graph: Adding nodes...
2026-03-20 15:25:46.746 INFO  [main] i.g.S.k.graph.ClusterGraph - Building graph: Adding edges...
2026-03-20 15:25:46.746 WARN  [main] i.g.S.k.graph.ClusterGraph - Skipping edge with missing node(s): "ServiceAccount:kube-system:kube-controller-manager" -bound_to-> "Role:kube-system:system::leader-locking-kube-controller-manager"
2026-03-20 15:25:46.746 WARN  [main] i.g.S.k.graph.ClusterGraph - Skipping edge with missing node(s): "ServiceAccount:kube-system:leader-election-controller" -bound_to-> "Role:kube-system:system::leader-locking-kube-controller-manager"
2026-03-20 15:25:46.746 WARN  [main] i.g.S.k.graph.ClusterGraph - Skipping edge with missing node(s): "ServiceAccount:kube-system:kube-scheduler" -bound_to-> "Role:kube-system:system::leader-locking-kube-scheduler"
2026-03-20 15:25:46.746 WARN  [main] i.g.S.k.graph.ClusterGraph - Skipping edge with missing node(s): "ServiceAccount:kube-system:cloud-provider" -bound_to-> "Role:kube-system:system:controller:cloud-provider"
2026-03-20 15:25:46.746 WARN  [main] i.g.S.k.graph.ClusterGraph - Skipping edge with missing node(s): "ServiceAccount:kube-system:route-controller" -bound_to-> "ClusterRole:cluster-scoped:system:controller:route-controller"
2026-03-20 15:25:46.746 WARN  [main] i.g.S.k.graph.ClusterGraph - Skipping edge with missing node(s): "ServiceAccount:kube-system:selinux-warning-controller" -bound_to-> "ClusterRole:cluster-scoped:system:controller:selinux-warning-controller"
2026-03-20 15:25:46.746 WARN  [main] i.g.S.k.graph.ClusterGraph - Skipping edge with missing node(s): "ServiceAccount:kube-system:service-controller" -bound_to-> "ClusterRole:cluster-scoped:system:controller:service-controller"
2026-03-20 15:25:46.746 WARN  [main] i.g.S.k.graph.ClusterGraph - Skipping edge with missing node(s): "ServiceAccount:kube-system:kube-dns" -bound_to-> "ClusterRole:cluster-scoped:system:kube-dns"
2026-03-20 15:25:46.747 INFO  [main] i.g.S.k.graph.ClusterGraph - Graph constructed with 249 nodes and 96 edges.
2026-03-20 15:25:46.747 INFO  [main] i.g.S.k8sattackmap.Main - No explicit source/target provided. Running Auto-Discovery Heuristics...
2026-03-20 15:25:46.748 INFO  [main] i.g.S.k.s.ThreatBoundaryAnalyzer - Identified 6 potential entry points and 124 potential crown jewels.
2026-03-20 15:25:46.750 WARN  [main] i.g.S.k.algorithm.Dijkstra - ⚠ WARNING: Attack Path Detected
2026-03-20 15:25:46.750 WARN  [main] i.g.S.k.algorithm.Dijkstra - Source: io.github.SaptarshiSarkar12.k8sattackmap.model.GraphNode@62690924
2026-03-20 15:25:46.750 WARN  [main] i.g.S.k.algorithm.Dijkstra - Target: io.github.SaptarshiSarkar12.k8sattackmap.model.GraphNode@4fa7fbf2
2026-03-20 15:25:46.750 WARN  [main] i.g.S.k.algorithm.Dijkstra - Total Hops: 3
2026-03-20 15:25:46.750 WARN  [main] i.g.S.k.algorithm.Dijkstra - Path Risk Score: 19.0 (HIGH)
2026-03-20 15:25:46.750 WARN  [main] i.g.S.k.algorithm.Dijkstra - Path Details:
2026-03-20 15:25:46.750 WARN  [main] i.g.S.k.algorithm.Dijkstra -    Pod:kubernetes-dashboard:dashboard-metrics-scraper-5565989548-8dp49 --[uses_sa]--> ServiceAccount:kubernetes-dashboard:kubernetes-dashboard
2026-03-20 15:25:46.750 WARN  [main] i.g.S.k.algorithm.Dijkstra -    ServiceAccount:kubernetes-dashboard:kubernetes-dashboard --[bound_to]--> Role:kubernetes-dashboard:kubernetes-dashboard
2026-03-20 15:25:46.750 WARN  [main] i.g.S.k.algorithm.Dijkstra -    Role:kubernetes-dashboard:kubernetes-dashboard --[can_access]--> Secret:kubernetes-dashboard:kubernetes-dashboard-certs
2026-03-20 15:25:46.751 WARN  [main] i.g.S.k.algorithm.Dijkstra - ⚠ WARNING: Attack Path Detected
2026-03-20 15:25:46.751 WARN  [main] i.g.S.k.algorithm.Dijkstra - Source: io.github.SaptarshiSarkar12.k8sattackmap.model.GraphNode@62690924
2026-03-20 15:25:46.751 WARN  [main] i.g.S.k.algorithm.Dijkstra - Target: io.github.SaptarshiSarkar12.k8sattackmap.model.GraphNode@a7bb4d21
2026-03-20 15:25:46.751 WARN  [main] i.g.S.k.algorithm.Dijkstra - Total Hops: 3
2026-03-20 15:25:46.751 WARN  [main] i.g.S.k.algorithm.Dijkstra - Path Risk Score: 19.0 (HIGH)
2026-03-20 15:25:46.751 WARN  [main] i.g.S.k.algorithm.Dijkstra - Path Details:
2026-03-20 15:25:46.751 WARN  [main] i.g.S.k.algorithm.Dijkstra -    Pod:kubernetes-dashboard:dashboard-metrics-scraper-5565989548-8dp49 --[uses_sa]--> ServiceAccount:kubernetes-dashboard:kubernetes-dashboard
2026-03-20 15:25:46.751 WARN  [main] i.g.S.k.algorithm.Dijkstra -    ServiceAccount:kubernetes-dashboard:kubernetes-dashboard --[bound_to]--> Role:kubernetes-dashboard:kubernetes-dashboard
2026-03-20 15:25:46.751 WARN  [main] i.g.S.k.algorithm.Dijkstra -    Role:kubernetes-dashboard:kubernetes-dashboard --[can_access]--> Secret:kubernetes-dashboard:kubernetes-dashboard-csrf
2026-03-20 15:25:46.751 WARN  [main] i.g.S.k.algorithm.Dijkstra - ⚠ WARNING: Attack Path Detected
2026-03-20 15:25:46.751 WARN  [main] i.g.S.k.algorithm.Dijkstra - Source: io.github.SaptarshiSarkar12.k8sattackmap.model.GraphNode@62690924
2026-03-20 15:25:46.751 WARN  [main] i.g.S.k.algorithm.Dijkstra - Target: io.github.SaptarshiSarkar12.k8sattackmap.model.GraphNode@f347d97
2026-03-20 15:25:46.751 WARN  [main] i.g.S.k.algorithm.Dijkstra - Total Hops: 3
2026-03-20 15:25:46.751 WARN  [main] i.g.S.k.algorithm.Dijkstra - Path Risk Score: 19.0 (HIGH)
2026-03-20 15:25:46.751 WARN  [main] i.g.S.k.algorithm.Dijkstra - Path Details:
2026-03-20 15:25:46.751 WARN  [main] i.g.S.k.algorithm.Dijkstra -    Pod:kubernetes-dashboard:dashboard-metrics-scraper-5565989548-8dp49 --[uses_sa]--> ServiceAccount:kubernetes-dashboard:kubernetes-dashboard
2026-03-20 15:25:46.751 WARN  [main] i.g.S.k.algorithm.Dijkstra -    ServiceAccount:kubernetes-dashboard:kubernetes-dashboard --[bound_to]--> Role:kubernetes-dashboard:kubernetes-dashboard
2026-03-20 15:25:46.751 WARN  [main] i.g.S.k.algorithm.Dijkstra -    Role:kubernetes-dashboard:kubernetes-dashboard --[can_access]--> Secret:kubernetes-dashboard:kubernetes-dashboard-key-holder
2026-03-20 15:25:46.752 WARN  [main] i.g.S.k.algorithm.Dijkstra - ⚠ WARNING: Attack Path Detected
2026-03-20 15:25:46.752 WARN  [main] i.g.S.k.algorithm.Dijkstra - Source: io.github.SaptarshiSarkar12.k8sattackmap.model.GraphNode@62690924
2026-03-20 15:25:46.752 WARN  [main] i.g.S.k.algorithm.Dijkstra - Target: io.github.SaptarshiSarkar12.k8sattackmap.model.GraphNode@3fe46e38
2026-03-20 15:25:46.752 WARN  [main] i.g.S.k.algorithm.Dijkstra - Total Hops: 1
2026-03-20 15:25:46.753 WARN  [main] i.g.S.k.algorithm.Dijkstra - Path Risk Score: 4.0 (MEDIUM)
2026-03-20 15:25:46.753 WARN  [main] i.g.S.k.algorithm.Dijkstra - Path Details:
2026-03-20 15:25:46.753 WARN  [main] i.g.S.k.algorithm.Dijkstra -    Pod:kubernetes-dashboard:dashboard-metrics-scraper-5565989548-8dp49 --[uses_sa]--> ServiceAccount:kubernetes-dashboard:kubernetes-dashboard
2026-03-20 15:25:46.753 WARN  [main] i.g.S.k.algorithm.Dijkstra - ⚠ WARNING: Attack Path Detected
2026-03-20 15:25:46.753 WARN  [main] i.g.S.k.algorithm.Dijkstra - Source: io.github.SaptarshiSarkar12.k8sattackmap.model.GraphNode@62690924
2026-03-20 15:25:46.753 WARN  [main] i.g.S.k.algorithm.Dijkstra - Target: io.github.SaptarshiSarkar12.k8sattackmap.model.GraphNode@fe66940f
2026-03-20 15:25:46.753 WARN  [main] i.g.S.k.algorithm.Dijkstra - Total Hops: 2
2026-03-20 15:25:46.753 WARN  [main] i.g.S.k.algorithm.Dijkstra - Path Risk Score: 13.8 (HIGH)
2026-03-20 15:25:46.753 WARN  [main] i.g.S.k.algorithm.Dijkstra - Path Details:
2026-03-20 15:25:46.753 WARN  [main] i.g.S.k.algorithm.Dijkstra -    Pod:kubernetes-dashboard:dashboard-metrics-scraper-5565989548-8dp49 --[uses_sa]--> ServiceAccount:kubernetes-dashboard:kubernetes-dashboard
2026-03-20 15:25:46.753 WARN  [main] i.g.S.k.algorithm.Dijkstra -    ServiceAccount:kubernetes-dashboard:kubernetes-dashboard --[bound_to]--> ClusterRole:cluster-scoped:cluster-admin
2026-03-20 15:25:46.753 WARN  [main] i.g.S.k.algorithm.Dijkstra - ⚠ WARNING: Attack Path Detected
2026-03-20 15:25:46.754 WARN  [main] i.g.S.k.algorithm.Dijkstra - Source: io.github.SaptarshiSarkar12.k8sattackmap.model.GraphNode@52435606
2026-03-20 15:25:46.754 WARN  [main] i.g.S.k.algorithm.Dijkstra - Target: io.github.SaptarshiSarkar12.k8sattackmap.model.GraphNode@4fa7fbf2
2026-03-20 15:25:46.754 WARN  [main] i.g.S.k.algorithm.Dijkstra - Total Hops: 3
2026-03-20 15:25:46.754 WARN  [main] i.g.S.k.algorithm.Dijkstra - Path Risk Score: 19.0 (HIGH)
2026-03-20 15:25:46.754 WARN  [main] i.g.S.k.algorithm.Dijkstra - Path Details:
2026-03-20 15:25:46.754 WARN  [main] i.g.S.k.algorithm.Dijkstra -    Pod:kubernetes-dashboard:kubernetes-dashboard-b84665fb8-7qpdd --[uses_sa]--> ServiceAccount:kubernetes-dashboard:kubernetes-dashboard
2026-03-20 15:25:46.754 WARN  [main] i.g.S.k.algorithm.Dijkstra -    ServiceAccount:kubernetes-dashboard:kubernetes-dashboard --[bound_to]--> Role:kubernetes-dashboard:kubernetes-dashboard
2026-03-20 15:25:46.754 WARN  [main] i.g.S.k.algorithm.Dijkstra -    Role:kubernetes-dashboard:kubernetes-dashboard --[can_access]--> Secret:kubernetes-dashboard:kubernetes-dashboard-certs
2026-03-20 15:25:46.754 WARN  [main] i.g.S.k.algorithm.Dijkstra - ⚠ WARNING: Attack Path Detected
2026-03-20 15:25:46.754 WARN  [main] i.g.S.k.algorithm.Dijkstra - Source: io.github.SaptarshiSarkar12.k8sattackmap.model.GraphNode@52435606
2026-03-20 15:25:46.754 WARN  [main] i.g.S.k.algorithm.Dijkstra - Target: io.github.SaptarshiSarkar12.k8sattackmap.model.GraphNode@a7bb4d21
2026-03-20 15:25:46.754 WARN  [main] i.g.S.k.algorithm.Dijkstra - Total Hops: 3
2026-03-20 15:25:46.754 WARN  [main] i.g.S.k.algorithm.Dijkstra - Path Risk Score: 19.0 (HIGH)
2026-03-20 15:25:46.754 WARN  [main] i.g.S.k.algorithm.Dijkstra - Path Details:
2026-03-20 15:25:46.754 WARN  [main] i.g.S.k.algorithm.Dijkstra -    Pod:kubernetes-dashboard:kubernetes-dashboard-b84665fb8-7qpdd --[uses_sa]--> ServiceAccount:kubernetes-dashboard:kubernetes-dashboard
2026-03-20 15:25:46.754 WARN  [main] i.g.S.k.algorithm.Dijkstra -    ServiceAccount:kubernetes-dashboard:kubernetes-dashboard --[bound_to]--> Role:kubernetes-dashboard:kubernetes-dashboard
2026-03-20 15:25:46.754 WARN  [main] i.g.S.k.algorithm.Dijkstra -    Role:kubernetes-dashboard:kubernetes-dashboard --[can_access]--> Secret:kubernetes-dashboard:kubernetes-dashboard-csrf
2026-03-20 15:25:46.754 WARN  [main] i.g.S.k.algorithm.Dijkstra - ⚠ WARNING: Attack Path Detected
2026-03-20 15:25:46.754 WARN  [main] i.g.S.k.algorithm.Dijkstra - Source: io.github.SaptarshiSarkar12.k8sattackmap.model.GraphNode@52435606
2026-03-20 15:25:46.754 WARN  [main] i.g.S.k.algorithm.Dijkstra - Target: io.github.SaptarshiSarkar12.k8sattackmap.model.GraphNode@f347d97
2026-03-20 15:25:46.754 WARN  [main] i.g.S.k.algorithm.Dijkstra - Total Hops: 3
2026-03-20 15:25:46.754 WARN  [main] i.g.S.k.algorithm.Dijkstra - Path Risk Score: 19.0 (HIGH)
2026-03-20 15:25:46.754 WARN  [main] i.g.S.k.algorithm.Dijkstra - Path Details:
2026-03-20 15:25:46.754 WARN  [main] i.g.S.k.algorithm.Dijkstra -    Pod:kubernetes-dashboard:kubernetes-dashboard-b84665fb8-7qpdd --[uses_sa]--> ServiceAccount:kubernetes-dashboard:kubernetes-dashboard
2026-03-20 15:25:46.754 WARN  [main] i.g.S.k.algorithm.Dijkstra -    ServiceAccount:kubernetes-dashboard:kubernetes-dashboard --[bound_to]--> Role:kubernetes-dashboard:kubernetes-dashboard
2026-03-20 15:25:46.754 WARN  [main] i.g.S.k.algorithm.Dijkstra -    Role:kubernetes-dashboard:kubernetes-dashboard --[can_access]--> Secret:kubernetes-dashboard:kubernetes-dashboard-key-holder
2026-03-20 15:25:46.755 WARN  [main] i.g.S.k.algorithm.Dijkstra - ⚠ WARNING: Attack Path Detected
2026-03-20 15:25:46.755 WARN  [main] i.g.S.k.algorithm.Dijkstra - Source: io.github.SaptarshiSarkar12.k8sattackmap.model.GraphNode@52435606
2026-03-20 15:25:46.755 WARN  [main] i.g.S.k.algorithm.Dijkstra - Target: io.github.SaptarshiSarkar12.k8sattackmap.model.GraphNode@3fe46e38
2026-03-20 15:25:46.755 WARN  [main] i.g.S.k.algorithm.Dijkstra - Total Hops: 1
2026-03-20 15:25:46.755 WARN  [main] i.g.S.k.algorithm.Dijkstra - Path Risk Score: 4.0 (MEDIUM)
2026-03-20 15:25:46.755 WARN  [main] i.g.S.k.algorithm.Dijkstra - Path Details:
2026-03-20 15:25:46.755 WARN  [main] i.g.S.k.algorithm.Dijkstra -    Pod:kubernetes-dashboard:kubernetes-dashboard-b84665fb8-7qpdd --[uses_sa]--> ServiceAccount:kubernetes-dashboard:kubernetes-dashboard
2026-03-20 15:25:46.755 WARN  [main] i.g.S.k.algorithm.Dijkstra - ⚠ WARNING: Attack Path Detected
2026-03-20 15:25:46.755 WARN  [main] i.g.S.k.algorithm.Dijkstra - Source: io.github.SaptarshiSarkar12.k8sattackmap.model.GraphNode@52435606
2026-03-20 15:25:46.755 WARN  [main] i.g.S.k.algorithm.Dijkstra - Target: io.github.SaptarshiSarkar12.k8sattackmap.model.GraphNode@fe66940f
2026-03-20 15:25:46.755 WARN  [main] i.g.S.k.algorithm.Dijkstra - Total Hops: 2
2026-03-20 15:25:46.755 WARN  [main] i.g.S.k.algorithm.Dijkstra - Path Risk Score: 13.8 (HIGH)
2026-03-20 15:25:46.755 WARN  [main] i.g.S.k.algorithm.Dijkstra - Path Details:
2026-03-20 15:25:46.755 WARN  [main] i.g.S.k.algorithm.Dijkstra -    Pod:kubernetes-dashboard:kubernetes-dashboard-b84665fb8-7qpdd --[uses_sa]--> ServiceAccount:kubernetes-dashboard:kubernetes-dashboard
2026-03-20 15:25:46.755 WARN  [main] i.g.S.k.algorithm.Dijkstra -    ServiceAccount:kubernetes-dashboard:kubernetes-dashboard --[bound_to]--> ClusterRole:cluster-scoped:cluster-admin
2026-03-20 15:25:46.756 WARN  [main] i.g.S.k.algorithm.Dijkstra - ⚠ WARNING: Attack Path Detected
2026-03-20 15:25:46.756 WARN  [main] i.g.S.k.algorithm.Dijkstra - Source: io.github.SaptarshiSarkar12.k8sattackmap.model.GraphNode@1aecbc66
2026-03-20 15:25:46.756 WARN  [main] i.g.S.k.algorithm.Dijkstra - Target: io.github.SaptarshiSarkar12.k8sattackmap.model.GraphNode@1aecbc66
2026-03-20 15:25:46.756 WARN  [main] i.g.S.k.algorithm.Dijkstra - Total Hops: 0
2026-03-20 15:25:46.756 WARN  [main] i.g.S.k.algorithm.Dijkstra - Path Risk Score: 0.0 (UNKNOWN)
2026-03-20 15:25:46.756 WARN  [main] i.g.S.k.algorithm.Dijkstra - Path Details:
2026-03-20 15:25:46.756 WARN  [main] i.g.S.k.algorithm.Dijkstra - ⚠ WARNING: Attack Path Detected
2026-03-20 15:25:46.756 WARN  [main] i.g.S.k.algorithm.Dijkstra - Source: io.github.SaptarshiSarkar12.k8sattackmap.model.GraphNode@a7ce5794
2026-03-20 15:25:46.756 WARN  [main] i.g.S.k.algorithm.Dijkstra - Target: io.github.SaptarshiSarkar12.k8sattackmap.model.GraphNode@a7ce5794
2026-03-20 15:25:46.756 WARN  [main] i.g.S.k.algorithm.Dijkstra - Total Hops: 0
2026-03-20 15:25:46.756 WARN  [main] i.g.S.k.algorithm.Dijkstra - Path Risk Score: 0.0 (UNKNOWN)
2026-03-20 15:25:46.756 WARN  [main] i.g.S.k.algorithm.Dijkstra - Path Details:
2026-03-20 15:25:46.756 WARN  [main] i.g.S.k.algorithm.Dijkstra - ⚠ WARNING: Attack Path Detected
2026-03-20 15:25:46.757 WARN  [main] i.g.S.k.algorithm.Dijkstra - Source: io.github.SaptarshiSarkar12.k8sattackmap.model.GraphNode@eb60aef6
2026-03-20 15:25:46.757 WARN  [main] i.g.S.k.algorithm.Dijkstra - Target: io.github.SaptarshiSarkar12.k8sattackmap.model.GraphNode@eb60aef6
2026-03-20 15:25:46.757 WARN  [main] i.g.S.k.algorithm.Dijkstra - Total Hops: 0
2026-03-20 15:25:46.757 WARN  [main] i.g.S.k.algorithm.Dijkstra - Path Risk Score: 0.0 (UNKNOWN)
2026-03-20 15:25:46.757 WARN  [main] i.g.S.k.algorithm.Dijkstra - Path Details:
2026-03-20 15:25:46.757 WARN  [main] i.g.S.k.algorithm.Dijkstra - ⚠ WARNING: Attack Path Detected
2026-03-20 15:25:46.757 WARN  [main] i.g.S.k.algorithm.Dijkstra - Source: io.github.SaptarshiSarkar12.k8sattackmap.model.GraphNode@3fe46e38
2026-03-20 15:25:46.757 WARN  [main] i.g.S.k.algorithm.Dijkstra - Target: io.github.SaptarshiSarkar12.k8sattackmap.model.GraphNode@4fa7fbf2
2026-03-20 15:25:46.757 WARN  [main] i.g.S.k.algorithm.Dijkstra - Total Hops: 2
2026-03-20 15:25:46.757 WARN  [main] i.g.S.k.algorithm.Dijkstra - Path Risk Score: 15.0 (HIGH)
2026-03-20 15:25:46.757 WARN  [main] i.g.S.k.algorithm.Dijkstra - Path Details:
2026-03-20 15:25:46.757 WARN  [main] i.g.S.k.algorithm.Dijkstra -    ServiceAccount:kubernetes-dashboard:kubernetes-dashboard --[bound_to]--> Role:kubernetes-dashboard:kubernetes-dashboard
2026-03-20 15:25:46.757 WARN  [main] i.g.S.k.algorithm.Dijkstra -    Role:kubernetes-dashboard:kubernetes-dashboard --[can_access]--> Secret:kubernetes-dashboard:kubernetes-dashboard-certs
2026-03-20 15:25:46.757 WARN  [main] i.g.S.k.algorithm.Dijkstra - ⚠ WARNING: Attack Path Detected
2026-03-20 15:25:46.757 WARN  [main] i.g.S.k.algorithm.Dijkstra - Source: io.github.SaptarshiSarkar12.k8sattackmap.model.GraphNode@3fe46e38
2026-03-20 15:25:46.757 WARN  [main] i.g.S.k.algorithm.Dijkstra - Target: io.github.SaptarshiSarkar12.k8sattackmap.model.GraphNode@a7bb4d21
2026-03-20 15:25:46.757 WARN  [main] i.g.S.k.algorithm.Dijkstra - Total Hops: 2
2026-03-20 15:25:46.757 WARN  [main] i.g.S.k.algorithm.Dijkstra - Path Risk Score: 15.0 (HIGH)
2026-03-20 15:25:46.757 WARN  [main] i.g.S.k.algorithm.Dijkstra - Path Details:
2026-03-20 15:25:46.757 WARN  [main] i.g.S.k.algorithm.Dijkstra -    ServiceAccount:kubernetes-dashboard:kubernetes-dashboard --[bound_to]--> Role:kubernetes-dashboard:kubernetes-dashboard
2026-03-20 15:25:46.757 WARN  [main] i.g.S.k.algorithm.Dijkstra -    Role:kubernetes-dashboard:kubernetes-dashboard --[can_access]--> Secret:kubernetes-dashboard:kubernetes-dashboard-csrf
2026-03-20 15:25:46.757 WARN  [main] i.g.S.k.algorithm.Dijkstra - ⚠ WARNING: Attack Path Detected
2026-03-20 15:25:46.757 WARN  [main] i.g.S.k.algorithm.Dijkstra - Source: io.github.SaptarshiSarkar12.k8sattackmap.model.GraphNode@3fe46e38
2026-03-20 15:25:46.757 WARN  [main] i.g.S.k.algorithm.Dijkstra - Target: io.github.SaptarshiSarkar12.k8sattackmap.model.GraphNode@f347d97
2026-03-20 15:25:46.757 WARN  [main] i.g.S.k.algorithm.Dijkstra - Total Hops: 2
2026-03-20 15:25:46.757 WARN  [main] i.g.S.k.algorithm.Dijkstra - Path Risk Score: 15.0 (HIGH)
2026-03-20 15:25:46.757 WARN  [main] i.g.S.k.algorithm.Dijkstra - Path Details:
2026-03-20 15:25:46.757 WARN  [main] i.g.S.k.algorithm.Dijkstra -    ServiceAccount:kubernetes-dashboard:kubernetes-dashboard --[bound_to]--> Role:kubernetes-dashboard:kubernetes-dashboard
2026-03-20 15:25:46.757 WARN  [main] i.g.S.k.algorithm.Dijkstra -    Role:kubernetes-dashboard:kubernetes-dashboard --[can_access]--> Secret:kubernetes-dashboard:kubernetes-dashboard-key-holder
2026-03-20 15:25:46.758 WARN  [main] i.g.S.k.algorithm.Dijkstra - ⚠ WARNING: Attack Path Detected
2026-03-20 15:25:46.758 WARN  [main] i.g.S.k.algorithm.Dijkstra - Source: io.github.SaptarshiSarkar12.k8sattackmap.model.GraphNode@3fe46e38
2026-03-20 15:25:46.758 WARN  [main] i.g.S.k.algorithm.Dijkstra - Target: io.github.SaptarshiSarkar12.k8sattackmap.model.GraphNode@3fe46e38
2026-03-20 15:25:46.758 WARN  [main] i.g.S.k.algorithm.Dijkstra - Total Hops: 0
2026-03-20 15:25:46.758 WARN  [main] i.g.S.k.algorithm.Dijkstra - Path Risk Score: 0.0 (UNKNOWN)
2026-03-20 15:25:46.758 WARN  [main] i.g.S.k.algorithm.Dijkstra - Path Details:
2026-03-20 15:25:46.758 WARN  [main] i.g.S.k.algorithm.Dijkstra - ⚠ WARNING: Attack Path Detected
2026-03-20 15:25:46.758 WARN  [main] i.g.S.k.algorithm.Dijkstra - Source: io.github.SaptarshiSarkar12.k8sattackmap.model.GraphNode@3fe46e38
2026-03-20 15:25:46.758 WARN  [main] i.g.S.k.algorithm.Dijkstra - Target: io.github.SaptarshiSarkar12.k8sattackmap.model.GraphNode@fe66940f
2026-03-20 15:25:46.758 WARN  [main] i.g.S.k.algorithm.Dijkstra - Total Hops: 1
2026-03-20 15:25:46.758 WARN  [main] i.g.S.k.algorithm.Dijkstra - Path Risk Score: 9.8 (CRITICAL)
2026-03-20 15:25:46.758 WARN  [main] i.g.S.k.algorithm.Dijkstra - Path Details:
2026-03-20 15:25:46.758 WARN  [main] i.g.S.k.algorithm.Dijkstra -    ServiceAccount:kubernetes-dashboard:kubernetes-dashboard --[bound_to]--> ClusterRole:cluster-scoped:cluster-admin
2026-03-20 15:25:46.758 INFO  [main] i.g.S.k8sattackmap.Main - Most vulnerable attack path discovered:
2026-03-20 15:25:46.758 INFO  [main] i.g.S.k8sattackmap.Main - Source: ServiceAccount:kubernetes-dashboard:kubernetes-dashboard
2026-03-20 15:25:46.758 INFO  [main] i.g.S.k8sattackmap.Main - Target: ClusterRole:cluster-scoped:cluster-admin
2026-03-20 15:25:46.758 INFO  [main] i.g.S.k8sattackmap.Main - Total Hops: 1
2026-03-20 15:25:46.758 INFO  [main] i.g.S.k8sattackmap.Main - Path Risk Score: 9.8 (CRITICAL)
2026-03-20 15:25:46.758 INFO  [main] i.g.S.k8sattackmap.Main - Path Details:
2026-03-20 15:25:46.758 INFO  [main] i.g.S.k8sattackmap.Main -    ServiceAccount:kubernetes-dashboard:kubernetes-dashboard --[bound_to]--> ClusterRole:cluster-scoped:cluster-admin
2026-03-20 15:25:46.758 INFO  [main] i.g.S.k8sattackmap.Main - Running blast radius analysis for the discovered attack path...
2026-03-20 15:25:46.759 DEBUG [main] i.g.S.k8sattackmap.algorithm.BFS - Starting BFS from node: ServiceAccount:kubernetes-dashboard:kubernetes-dashboard with max hops: 3
2026-03-20 15:25:46.760 DEBUG [main] i.g.S.k8sattackmap.algorithm.BFS - BFS completed. Total affected nodes within 3 hops: 8
2026-03-20 15:25:46.760 DEBUG [main] i.g.S.k8sattackmap.algorithm.BFS - Affected nodes: [io.github.SaptarshiSarkar12.k8sattackmap.model.GraphNode@1292d313, io.github.SaptarshiSarkar12.k8sattackmap.model.GraphNode@f347d97, io.github.SaptarshiSarkar12.k8sattackmap.model.GraphNode@4fa7fbf2, io.github.SaptarshiSarkar12.k8sattackmap.model.GraphNode@fe66940f, io.github.SaptarshiSarkar12.k8sattackmap.model.GraphNode@a7bb4d21, io.github.SaptarshiSarkar12.k8sattackmap.model.GraphNode@508c8416, io.github.SaptarshiSarkar12.k8sattackmap.model.GraphNode@3fe46e38, io.github.SaptarshiSarkar12.k8sattackmap.model.GraphNode@4e9bf376]
2026-03-20 15:25:46.760 INFO  [main] i.g.S.k8sattackmap.Main - Estimated Blast Radius (8 nodes within 3 hops):
2026-03-20 15:25:46.760 INFO  [main] i.g.S.k8sattackmap.Main -    - Service:kubernetes-dashboard:dashboard-metrics-scraper
2026-03-20 15:25:46.760 INFO  [main] i.g.S.k8sattackmap.Main -    - Secret:kubernetes-dashboard:kubernetes-dashboard-key-holder
2026-03-20 15:25:46.760 INFO  [main] i.g.S.k8sattackmap.Main -    - Secret:kubernetes-dashboard:kubernetes-dashboard-certs
2026-03-20 15:25:46.760 INFO  [main] i.g.S.k8sattackmap.Main -    - ClusterRole:cluster-scoped:cluster-admin
2026-03-20 15:25:46.760 INFO  [main] i.g.S.k8sattackmap.Main -    - Secret:kubernetes-dashboard:kubernetes-dashboard-csrf
2026-03-20 15:25:46.760 INFO  [main] i.g.S.k8sattackmap.Main -    - ConfigMap:kubernetes-dashboard:kubernetes-dashboard-settings
2026-03-20 15:25:46.760 INFO  [main] i.g.S.k8sattackmap.Main -    - ServiceAccount:kubernetes-dashboard:kubernetes-dashboard
2026-03-20 15:25:46.760 INFO  [main] i.g.S.k8sattackmap.Main -    - Role:kubernetes-dashboard:kubernetes-dashboard
2026-03-20 15:29:00.816 DEBUG [main] i.g.S.k8sattackmap.Main - Verbose logging enabled.
2026-03-20 15:29:00.816 INFO  [main] i.g.S.k8sattackmap.Main - No Kubernetes JSON path provided. Using kubectl to extract cluster data...
2026-03-20 15:29:00.816 INFO  [main] i.g.S.k.ingestion.KubectlExtractor - Fetching cluster state from Kubectl...
2026-03-20 15:29:00.946 DEBUG [main] i.g.S.k.ingestion.KubectlExtractor - Successfully fetched cluster state JSON. Length: 516937 characters
2026-03-20 15:29:01.018 DEBUG [main] i.g.S.k.ingestion.K8sJsonParser - Parsing Kubernetes JSON data with 237 items.
2026-03-20 15:29:01.020 INFO  [main] i.g.S.k.security.TrivyScanner - Scanning image registry.k8s.io/coredns/coredns:v1.13.1
2026-03-20 15:29:04.170 INFO  [main] i.g.S.k.security.TrivyScanner - Scanning image registry.k8s.io/etcd:3.6.6-0
2026-03-20 15:29:06.853 INFO  [main] i.g.S.k.security.TrivyScanner - Scanning image registry.k8s.io/kube-apiserver:v1.35.1
2026-03-20 15:29:09.017 INFO  [main] i.g.S.k.security.TrivyScanner - Scanning image registry.k8s.io/kube-controller-manager:v1.35.1
2026-03-20 15:29:11.279 INFO  [main] i.g.S.k.security.TrivyScanner - Scanning image registry.k8s.io/kube-proxy:v1.35.1
2026-03-20 15:29:13.973 INFO  [main] i.g.S.k.security.TrivyScanner - Scanning image registry.k8s.io/kube-scheduler:v1.35.1
2026-03-20 15:29:15.907 INFO  [main] i.g.S.k.security.TrivyScanner - Scanning image gcr.io/k8s-minikube/storage-provisioner:v5
2026-03-20 15:29:19.323 INFO  [main] i.g.S.k.security.TrivyScanner - Scanning image docker.io/kubernetesui/metrics-scraper:v1.0.8@sha256:76049887f07a0476dc93efc2d3569b9529bf982b22d29f356092ce206e98765c
2026-03-20 15:29:22.044 INFO  [main] i.g.S.k.security.TrivyScanner - Scanning image docker.io/kubernetesui/dashboard:v2.7.0@sha256:2e500d29e9d5f4a086b908eb8dfe7ecac57d2ab09d65b24f588b1d449841ef93
2026-03-20 15:29:24.643 INFO  [main] i.g.S.k.graph.ClusterGraph - Building graph: Adding nodes...
2026-03-20 15:29:24.644 INFO  [main] i.g.S.k.graph.ClusterGraph - Building graph: Adding edges...
2026-03-20 15:29:24.644 WARN  [main] i.g.S.k.graph.ClusterGraph - Skipping edge with missing node(s): "ServiceAccount:kube-system:kube-controller-manager" -bound_to-> "Role:kube-system:system::leader-locking-kube-controller-manager"
2026-03-20 15:29:24.644 WARN  [main] i.g.S.k.graph.ClusterGraph - Skipping edge with missing node(s): "ServiceAccount:kube-system:leader-election-controller" -bound_to-> "Role:kube-system:system::leader-locking-kube-controller-manager"
2026-03-20 15:29:24.644 WARN  [main] i.g.S.k.graph.ClusterGraph - Skipping edge with missing node(s): "ServiceAccount:kube-system:kube-scheduler" -bound_to-> "Role:kube-system:system::leader-locking-kube-scheduler"
2026-03-20 15:29:24.644 WARN  [main] i.g.S.k.graph.ClusterGraph - Skipping edge with missing node(s): "ServiceAccount:kube-system:cloud-provider" -bound_to-> "Role:kube-system:system:controller:cloud-provider"
2026-03-20 15:29:24.645 WARN  [main] i.g.S.k.graph.ClusterGraph - Skipping edge with missing node(s): "ServiceAccount:kube-system:route-controller" -bound_to-> "ClusterRole:cluster-scoped:system:controller:route-controller"
2026-03-20 15:29:24.645 WARN  [main] i.g.S.k.graph.ClusterGraph - Skipping edge with missing node(s): "ServiceAccount:kube-system:selinux-warning-controller" -bound_to-> "ClusterRole:cluster-scoped:system:controller:selinux-warning-controller"
2026-03-20 15:29:24.645 WARN  [main] i.g.S.k.graph.ClusterGraph - Skipping edge with missing node(s): "ServiceAccount:kube-system:service-controller" -bound_to-> "ClusterRole:cluster-scoped:system:controller:service-controller"
2026-03-20 15:29:24.645 WARN  [main] i.g.S.k.graph.ClusterGraph - Skipping edge with missing node(s): "ServiceAccount:kube-system:kube-dns" -bound_to-> "ClusterRole:cluster-scoped:system:kube-dns"
2026-03-20 15:29:24.645 INFO  [main] i.g.S.k.graph.ClusterGraph - Graph constructed with 249 nodes and 96 edges.
2026-03-20 15:29:24.645 INFO  [main] i.g.S.k8sattackmap.Main - No explicit source/target provided. Running Auto-Discovery Heuristics...
2026-03-20 15:29:24.646 INFO  [main] i.g.S.k.s.ThreatBoundaryAnalyzer - Identified 6 potential entry points and 124 potential crown jewels.
2026-03-20 15:29:24.648 WARN  [main] i.g.S.k.algorithm.Dijkstra - ⚠ WARNING: Attack Path Detected
2026-03-20 15:29:24.648 WARN  [main] i.g.S.k.algorithm.Dijkstra - Source: kubernetes-dashboard/Pod:kubernetes-dashboard:dashboard-metrics-scraper-5565989548-8dp49 (Pod)
2026-03-20 15:29:24.648 WARN  [main] i.g.S.k.algorithm.Dijkstra - Target: kubernetes-dashboard/Secret:kubernetes-dashboard:kubernetes-dashboard-certs (Secret)
2026-03-20 15:29:24.649 WARN  [main] i.g.S.k.algorithm.Dijkstra - Total Hops: 3
2026-03-20 15:29:24.649 WARN  [main] i.g.S.k.algorithm.Dijkstra - Path Risk Score: 19.0 (HIGH)
2026-03-20 15:29:24.649 WARN  [main] i.g.S.k.algorithm.Dijkstra - Path Details:
2026-03-20 15:29:24.649 WARN  [main] i.g.S.k.algorithm.Dijkstra -    Pod:kubernetes-dashboard:dashboard-metrics-scraper-5565989548-8dp49 --[uses_sa]--> ServiceAccount:kubernetes-dashboard:kubernetes-dashboard
2026-03-20 15:29:24.649 WARN  [main] i.g.S.k.algorithm.Dijkstra -    ServiceAccount:kubernetes-dashboard:kubernetes-dashboard --[bound_to]--> Role:kubernetes-dashboard:kubernetes-dashboard
2026-03-20 15:29:24.649 WARN  [main] i.g.S.k.algorithm.Dijkstra -    Role:kubernetes-dashboard:kubernetes-dashboard --[can_access]--> Secret:kubernetes-dashboard:kubernetes-dashboard-certs
2026-03-20 15:29:24.649 WARN  [main] i.g.S.k.algorithm.Dijkstra - ⚠ WARNING: Attack Path Detected
2026-03-20 15:29:24.649 WARN  [main] i.g.S.k.algorithm.Dijkstra - Source: kubernetes-dashboard/Pod:kubernetes-dashboard:dashboard-metrics-scraper-5565989548-8dp49 (Pod)
2026-03-20 15:29:24.649 WARN  [main] i.g.S.k.algorithm.Dijkstra - Target: kubernetes-dashboard/Secret:kubernetes-dashboard:kubernetes-dashboard-csrf (Secret)
2026-03-20 15:29:24.649 WARN  [main] i.g.S.k.algorithm.Dijkstra - Total Hops: 3
2026-03-20 15:29:24.649 WARN  [main] i.g.S.k.algorithm.Dijkstra - Path Risk Score: 19.0 (HIGH)
2026-03-20 15:29:24.649 WARN  [main] i.g.S.k.algorithm.Dijkstra - Path Details:
2026-03-20 15:29:24.649 WARN  [main] i.g.S.k.algorithm.Dijkstra -    Pod:kubernetes-dashboard:dashboard-metrics-scraper-5565989548-8dp49 --[uses_sa]--> ServiceAccount:kubernetes-dashboard:kubernetes-dashboard
2026-03-20 15:29:24.649 WARN  [main] i.g.S.k.algorithm.Dijkstra -    ServiceAccount:kubernetes-dashboard:kubernetes-dashboard --[bound_to]--> Role:kubernetes-dashboard:kubernetes-dashboard
2026-03-20 15:29:24.649 WARN  [main] i.g.S.k.algorithm.Dijkstra -    Role:kubernetes-dashboard:kubernetes-dashboard --[can_access]--> Secret:kubernetes-dashboard:kubernetes-dashboard-csrf
2026-03-20 15:29:24.649 WARN  [main] i.g.S.k.algorithm.Dijkstra - ⚠ WARNING: Attack Path Detected
2026-03-20 15:29:24.649 WARN  [main] i.g.S.k.algorithm.Dijkstra - Source: kubernetes-dashboard/Pod:kubernetes-dashboard:dashboard-metrics-scraper-5565989548-8dp49 (Pod)
2026-03-20 15:29:24.649 WARN  [main] i.g.S.k.algorithm.Dijkstra - Target: kubernetes-dashboard/Secret:kubernetes-dashboard:kubernetes-dashboard-key-holder (Secret)
2026-03-20 15:29:24.649 WARN  [main] i.g.S.k.algorithm.Dijkstra - Total Hops: 3
2026-03-20 15:29:24.650 WARN  [main] i.g.S.k.algorithm.Dijkstra - Path Risk Score: 19.0 (HIGH)
2026-03-20 15:29:24.650 WARN  [main] i.g.S.k.algorithm.Dijkstra - Path Details:
2026-03-20 15:29:24.650 WARN  [main] i.g.S.k.algorithm.Dijkstra -    Pod:kubernetes-dashboard:dashboard-metrics-scraper-5565989548-8dp49 --[uses_sa]--> ServiceAccount:kubernetes-dashboard:kubernetes-dashboard
2026-03-20 15:29:24.650 WARN  [main] i.g.S.k.algorithm.Dijkstra -    ServiceAccount:kubernetes-dashboard:kubernetes-dashboard --[bound_to]--> Role:kubernetes-dashboard:kubernetes-dashboard
2026-03-20 15:29:24.650 WARN  [main] i.g.S.k.algorithm.Dijkstra -    Role:kubernetes-dashboard:kubernetes-dashboard --[can_access]--> Secret:kubernetes-dashboard:kubernetes-dashboard-key-holder
2026-03-20 15:29:24.652 WARN  [main] i.g.S.k.algorithm.Dijkstra - ⚠ WARNING: Attack Path Detected
2026-03-20 15:29:24.652 WARN  [main] i.g.S.k.algorithm.Dijkstra - Source: kubernetes-dashboard/Pod:kubernetes-dashboard:dashboard-metrics-scraper-5565989548-8dp49 (Pod)
2026-03-20 15:29:24.652 WARN  [main] i.g.S.k.algorithm.Dijkstra - Target: kubernetes-dashboard/ServiceAccount:kubernetes-dashboard:kubernetes-dashboard (ServiceAccount)
2026-03-20 15:29:24.652 WARN  [main] i.g.S.k.algorithm.Dijkstra - Total Hops: 1
2026-03-20 15:29:24.652 WARN  [main] i.g.S.k.algorithm.Dijkstra - Path Risk Score: 4.0 (MEDIUM)
2026-03-20 15:29:24.652 WARN  [main] i.g.S.k.algorithm.Dijkstra - Path Details:
2026-03-20 15:29:24.652 WARN  [main] i.g.S.k.algorithm.Dijkstra -    Pod:kubernetes-dashboard:dashboard-metrics-scraper-5565989548-8dp49 --[uses_sa]--> ServiceAccount:kubernetes-dashboard:kubernetes-dashboard
2026-03-20 15:29:24.652 WARN  [main] i.g.S.k.algorithm.Dijkstra - ⚠ WARNING: Attack Path Detected
2026-03-20 15:29:24.652 WARN  [main] i.g.S.k.algorithm.Dijkstra - Source: kubernetes-dashboard/Pod:kubernetes-dashboard:dashboard-metrics-scraper-5565989548-8dp49 (Pod)
2026-03-20 15:29:24.652 WARN  [main] i.g.S.k.algorithm.Dijkstra - Target: cluster-scoped/ClusterRole:cluster-scoped:cluster-admin (ClusterRole)
2026-03-20 15:29:24.652 WARN  [main] i.g.S.k.algorithm.Dijkstra - Total Hops: 2
2026-03-20 15:29:24.652 WARN  [main] i.g.S.k.algorithm.Dijkstra - Path Risk Score: 13.8 (HIGH)
2026-03-20 15:29:24.653 WARN  [main] i.g.S.k.algorithm.Dijkstra - Path Details:
2026-03-20 15:29:24.653 WARN  [main] i.g.S.k.algorithm.Dijkstra -    Pod:kubernetes-dashboard:dashboard-metrics-scraper-5565989548-8dp49 --[uses_sa]--> ServiceAccount:kubernetes-dashboard:kubernetes-dashboard
2026-03-20 15:29:24.653 WARN  [main] i.g.S.k.algorithm.Dijkstra -    ServiceAccount:kubernetes-dashboard:kubernetes-dashboard --[bound_to]--> ClusterRole:cluster-scoped:cluster-admin
2026-03-20 15:29:24.653 WARN  [main] i.g.S.k.algorithm.Dijkstra - ⚠ WARNING: Attack Path Detected
2026-03-20 15:29:24.653 WARN  [main] i.g.S.k.algorithm.Dijkstra - Source: kubernetes-dashboard/Pod:kubernetes-dashboard:kubernetes-dashboard-b84665fb8-7qpdd (Pod)
2026-03-20 15:29:24.653 WARN  [main] i.g.S.k.algorithm.Dijkstra - Target: kubernetes-dashboard/Secret:kubernetes-dashboard:kubernetes-dashboard-certs (Secret)
2026-03-20 15:29:24.653 WARN  [main] i.g.S.k.algorithm.Dijkstra - Total Hops: 3
2026-03-20 15:29:24.653 WARN  [main] i.g.S.k.algorithm.Dijkstra - Path Risk Score: 19.0 (HIGH)
2026-03-20 15:29:24.653 WARN  [main] i.g.S.k.algorithm.Dijkstra - Path Details:
2026-03-20 15:29:24.653 WARN  [main] i.g.S.k.algorithm.Dijkstra -    Pod:kubernetes-dashboard:kubernetes-dashboard-b84665fb8-7qpdd --[uses_sa]--> ServiceAccount:kubernetes-dashboard:kubernetes-dashboard
2026-03-20 15:29:24.653 WARN  [main] i.g.S.k.algorithm.Dijkstra -    ServiceAccount:kubernetes-dashboard:kubernetes-dashboard --[bound_to]--> Role:kubernetes-dashboard:kubernetes-dashboard
2026-03-20 15:29:24.653 WARN  [main] i.g.S.k.algorithm.Dijkstra -    Role:kubernetes-dashboard:kubernetes-dashboard --[can_access]--> Secret:kubernetes-dashboard:kubernetes-dashboard-certs
2026-03-20 15:29:24.653 WARN  [main] i.g.S.k.algorithm.Dijkstra - ⚠ WARNING: Attack Path Detected
2026-03-20 15:29:24.653 WARN  [main] i.g.S.k.algorithm.Dijkstra - Source: kubernetes-dashboard/Pod:kubernetes-dashboard:kubernetes-dashboard-b84665fb8-7qpdd (Pod)
2026-03-20 15:29:24.653 WARN  [main] i.g.S.k.algorithm.Dijkstra - Target: kubernetes-dashboard/Secret:kubernetes-dashboard:kubernetes-dashboard-csrf (Secret)
2026-03-20 15:29:24.653 WARN  [main] i.g.S.k.algorithm.Dijkstra - Total Hops: 3
2026-03-20 15:29:24.653 WARN  [main] i.g.S.k.algorithm.Dijkstra - Path Risk Score: 19.0 (HIGH)
2026-03-20 15:29:24.654 WARN  [main] i.g.S.k.algorithm.Dijkstra - Path Details:
2026-03-20 15:29:24.654 WARN  [main] i.g.S.k.algorithm.Dijkstra -    Pod:kubernetes-dashboard:kubernetes-dashboard-b84665fb8-7qpdd --[uses_sa]--> ServiceAccount:kubernetes-dashboard:kubernetes-dashboard
2026-03-20 15:29:24.654 WARN  [main] i.g.S.k.algorithm.Dijkstra -    ServiceAccount:kubernetes-dashboard:kubernetes-dashboard --[bound_to]--> Role:kubernetes-dashboard:kubernetes-dashboard
2026-03-20 15:29:24.654 WARN  [main] i.g.S.k.algorithm.Dijkstra -    Role:kubernetes-dashboard:kubernetes-dashboard --[can_access]--> Secret:kubernetes-dashboard:kubernetes-dashboard-csrf
2026-03-20 15:29:24.654 WARN  [main] i.g.S.k.algorithm.Dijkstra - ⚠ WARNING: Attack Path Detected
2026-03-20 15:29:24.654 WARN  [main] i.g.S.k.algorithm.Dijkstra - Source: kubernetes-dashboard/Pod:kubernetes-dashboard:kubernetes-dashboard-b84665fb8-7qpdd (Pod)
2026-03-20 15:29:24.654 WARN  [main] i.g.S.k.algorithm.Dijkstra - Target: kubernetes-dashboard/Secret:kubernetes-dashboard:kubernetes-dashboard-key-holder (Secret)
2026-03-20 15:29:24.654 WARN  [main] i.g.S.k.algorithm.Dijkstra - Total Hops: 3
2026-03-20 15:29:24.654 WARN  [main] i.g.S.k.algorithm.Dijkstra - Path Risk Score: 19.0 (HIGH)
2026-03-20 15:29:24.654 WARN  [main] i.g.S.k.algorithm.Dijkstra - Path Details:
2026-03-20 15:29:24.654 WARN  [main] i.g.S.k.algorithm.Dijkstra -    Pod:kubernetes-dashboard:kubernetes-dashboard-b84665fb8-7qpdd --[uses_sa]--> ServiceAccount:kubernetes-dashboard:kubernetes-dashboard
2026-03-20 15:29:24.654 WARN  [main] i.g.S.k.algorithm.Dijkstra -    ServiceAccount:kubernetes-dashboard:kubernetes-dashboard --[bound_to]--> Role:kubernetes-dashboard:kubernetes-dashboard
2026-03-20 15:29:24.654 WARN  [main] i.g.S.k.algorithm.Dijkstra -    Role:kubernetes-dashboard:kubernetes-dashboard --[can_access]--> Secret:kubernetes-dashboard:kubernetes-dashboard-key-holder
2026-03-20 15:29:24.654 WARN  [main] i.g.S.k.algorithm.Dijkstra - ⚠ WARNING: Attack Path Detected
2026-03-20 15:29:24.654 WARN  [main] i.g.S.k.algorithm.Dijkstra - Source: kubernetes-dashboard/Pod:kubernetes-dashboard:kubernetes-dashboard-b84665fb8-7qpdd (Pod)
2026-03-20 15:29:24.654 WARN  [main] i.g.S.k.algorithm.Dijkstra - Target: kubernetes-dashboard/ServiceAccount:kubernetes-dashboard:kubernetes-dashboard (ServiceAccount)
2026-03-20 15:29:24.654 WARN  [main] i.g.S.k.algorithm.Dijkstra - Total Hops: 1
2026-03-20 15:29:24.654 WARN  [main] i.g.S.k.algorithm.Dijkstra - Path Risk Score: 4.0 (MEDIUM)
2026-03-20 15:29:24.654 WARN  [main] i.g.S.k.algorithm.Dijkstra - Path Details:
2026-03-20 15:29:24.655 WARN  [main] i.g.S.k.algorithm.Dijkstra -    Pod:kubernetes-dashboard:kubernetes-dashboard-b84665fb8-7qpdd --[uses_sa]--> ServiceAccount:kubernetes-dashboard:kubernetes-dashboard
2026-03-20 15:29:24.655 WARN  [main] i.g.S.k.algorithm.Dijkstra - ⚠ WARNING: Attack Path Detected
2026-03-20 15:29:24.655 WARN  [main] i.g.S.k.algorithm.Dijkstra - Source: kubernetes-dashboard/Pod:kubernetes-dashboard:kubernetes-dashboard-b84665fb8-7qpdd (Pod)
2026-03-20 15:29:24.655 WARN  [main] i.g.S.k.algorithm.Dijkstra - Target: cluster-scoped/ClusterRole:cluster-scoped:cluster-admin (ClusterRole)
2026-03-20 15:29:24.655 WARN  [main] i.g.S.k.algorithm.Dijkstra - Total Hops: 2
2026-03-20 15:29:24.655 WARN  [main] i.g.S.k.algorithm.Dijkstra - Path Risk Score: 13.8 (HIGH)
2026-03-20 15:29:24.655 WARN  [main] i.g.S.k.algorithm.Dijkstra - Path Details:
2026-03-20 15:29:24.655 WARN  [main] i.g.S.k.algorithm.Dijkstra -    Pod:kubernetes-dashboard:kubernetes-dashboard-b84665fb8-7qpdd --[uses_sa]--> ServiceAccount:kubernetes-dashboard:kubernetes-dashboard
2026-03-20 15:29:24.655 WARN  [main] i.g.S.k.algorithm.Dijkstra -    ServiceAccount:kubernetes-dashboard:kubernetes-dashboard --[bound_to]--> ClusterRole:cluster-scoped:cluster-admin
2026-03-20 15:29:24.655 WARN  [main] i.g.S.k.algorithm.Dijkstra - ⚠ WARNING: Attack Path Detected
2026-03-20 15:29:24.655 WARN  [main] i.g.S.k.algorithm.Dijkstra - Source: default/ServiceAccount:default:default (ServiceAccount)
2026-03-20 15:29:24.655 WARN  [main] i.g.S.k.algorithm.Dijkstra - Target: default/ServiceAccount:default:default (ServiceAccount)
2026-03-20 15:29:24.655 WARN  [main] i.g.S.k.algorithm.Dijkstra - Total Hops: 0
2026-03-20 15:29:24.655 WARN  [main] i.g.S.k.algorithm.Dijkstra - Path Risk Score: 0.0 (UNKNOWN)
2026-03-20 15:29:24.656 WARN  [main] i.g.S.k.algorithm.Dijkstra - Path Details:
2026-03-20 15:29:24.656 WARN  [main] i.g.S.k.algorithm.Dijkstra - ⚠ WARNING: Attack Path Detected
2026-03-20 15:29:24.656 WARN  [main] i.g.S.k.algorithm.Dijkstra - Source: kube-node-lease/ServiceAccount:kube-node-lease:default (ServiceAccount)
2026-03-20 15:29:24.656 WARN  [main] i.g.S.k.algorithm.Dijkstra - Target: kube-node-lease/ServiceAccount:kube-node-lease:default (ServiceAccount)
2026-03-20 15:29:24.656 WARN  [main] i.g.S.k.algorithm.Dijkstra - Total Hops: 0
2026-03-20 15:29:24.656 WARN  [main] i.g.S.k.algorithm.Dijkstra - Path Risk Score: 0.0 (UNKNOWN)
2026-03-20 15:29:24.656 WARN  [main] i.g.S.k.algorithm.Dijkstra - Path Details:
2026-03-20 15:29:24.657 WARN  [main] i.g.S.k.algorithm.Dijkstra - ⚠ WARNING: Attack Path Detected
2026-03-20 15:29:24.657 WARN  [main] i.g.S.k.algorithm.Dijkstra - Source: kubernetes-dashboard/ServiceAccount:kubernetes-dashboard:default (ServiceAccount)
2026-03-20 15:29:24.657 WARN  [main] i.g.S.k.algorithm.Dijkstra - Target: kubernetes-dashboard/ServiceAccount:kubernetes-dashboard:default (ServiceAccount)
2026-03-20 15:29:24.657 WARN  [main] i.g.S.k.algorithm.Dijkstra - Total Hops: 0
2026-03-20 15:29:24.657 WARN  [main] i.g.S.k.algorithm.Dijkstra - Path Risk Score: 0.0 (UNKNOWN)
2026-03-20 15:29:24.657 WARN  [main] i.g.S.k.algorithm.Dijkstra - Path Details:
2026-03-20 15:29:24.657 WARN  [main] i.g.S.k.algorithm.Dijkstra - ⚠ WARNING: Attack Path Detected
2026-03-20 15:29:24.657 WARN  [main] i.g.S.k.algorithm.Dijkstra - Source: kubernetes-dashboard/ServiceAccount:kubernetes-dashboard:kubernetes-dashboard (ServiceAccount)
2026-03-20 15:29:24.657 WARN  [main] i.g.S.k.algorithm.Dijkstra - Target: kubernetes-dashboard/Secret:kubernetes-dashboard:kubernetes-dashboard-certs (Secret)
2026-03-20 15:29:24.657 WARN  [main] i.g.S.k.algorithm.Dijkstra - Total Hops: 2
2026-03-20 15:29:24.657 WARN  [main] i.g.S.k.algorithm.Dijkstra - Path Risk Score: 15.0 (HIGH)
2026-03-20 15:29:24.657 WARN  [main] i.g.S.k.algorithm.Dijkstra - Path Details:
2026-03-20 15:29:24.658 WARN  [main] i.g.S.k.algorithm.Dijkstra -    ServiceAccount:kubernetes-dashboard:kubernetes-dashboard --[bound_to]--> Role:kubernetes-dashboard:kubernetes-dashboard
2026-03-20 15:29:24.658 WARN  [main] i.g.S.k.algorithm.Dijkstra -    Role:kubernetes-dashboard:kubernetes-dashboard --[can_access]--> Secret:kubernetes-dashboard:kubernetes-dashboard-certs
2026-03-20 15:29:24.658 WARN  [main] i.g.S.k.algorithm.Dijkstra - ⚠ WARNING: Attack Path Detected
2026-03-20 15:29:24.658 WARN  [main] i.g.S.k.algorithm.Dijkstra - Source: kubernetes-dashboard/ServiceAccount:kubernetes-dashboard:kubernetes-dashboard (ServiceAccount)
2026-03-20 15:29:24.658 WARN  [main] i.g.S.k.algorithm.Dijkstra - Target: kubernetes-dashboard/Secret:kubernetes-dashboard:kubernetes-dashboard-csrf (Secret)
2026-03-20 15:29:24.658 WARN  [main] i.g.S.k.algorithm.Dijkstra - Total Hops: 2
2026-03-20 15:29:24.658 WARN  [main] i.g.S.k.algorithm.Dijkstra - Path Risk Score: 15.0 (HIGH)
2026-03-20 15:29:24.658 WARN  [main] i.g.S.k.algorithm.Dijkstra - Path Details:
2026-03-20 15:29:24.658 WARN  [main] i.g.S.k.algorithm.Dijkstra -    ServiceAccount:kubernetes-dashboard:kubernetes-dashboard --[bound_to]--> Role:kubernetes-dashboard:kubernetes-dashboard
2026-03-20 15:29:24.658 WARN  [main] i.g.S.k.algorithm.Dijkstra -    Role:kubernetes-dashboard:kubernetes-dashboard --[can_access]--> Secret:kubernetes-dashboard:kubernetes-dashboard-csrf
2026-03-20 15:29:24.658 WARN  [main] i.g.S.k.algorithm.Dijkstra - ⚠ WARNING: Attack Path Detected
2026-03-20 15:29:24.658 WARN  [main] i.g.S.k.algorithm.Dijkstra - Source: kubernetes-dashboard/ServiceAccount:kubernetes-dashboard:kubernetes-dashboard (ServiceAccount)
2026-03-20 15:29:24.658 WARN  [main] i.g.S.k.algorithm.Dijkstra - Target: kubernetes-dashboard/Secret:kubernetes-dashboard:kubernetes-dashboard-key-holder (Secret)
2026-03-20 15:29:24.658 WARN  [main] i.g.S.k.algorithm.Dijkstra - Total Hops: 2
2026-03-20 15:29:24.658 WARN  [main] i.g.S.k.algorithm.Dijkstra - Path Risk Score: 15.0 (HIGH)
2026-03-20 15:29:24.658 WARN  [main] i.g.S.k.algorithm.Dijkstra - Path Details:
2026-03-20 15:29:24.658 WARN  [main] i.g.S.k.algorithm.Dijkstra -    ServiceAccount:kubernetes-dashboard:kubernetes-dashboard --[bound_to]--> Role:kubernetes-dashboard:kubernetes-dashboard
2026-03-20 15:29:24.658 WARN  [main] i.g.S.k.algorithm.Dijkstra -    Role:kubernetes-dashboard:kubernetes-dashboard --[can_access]--> Secret:kubernetes-dashboard:kubernetes-dashboard-key-holder
2026-03-20 15:29:24.658 WARN  [main] i.g.S.k.algorithm.Dijkstra - ⚠ WARNING: Attack Path Detected
2026-03-20 15:29:24.658 WARN  [main] i.g.S.k.algorithm.Dijkstra - Source: kubernetes-dashboard/ServiceAccount:kubernetes-dashboard:kubernetes-dashboard (ServiceAccount)
2026-03-20 15:29:24.658 WARN  [main] i.g.S.k.algorithm.Dijkstra - Target: kubernetes-dashboard/ServiceAccount:kubernetes-dashboard:kubernetes-dashboard (ServiceAccount)
2026-03-20 15:29:24.658 WARN  [main] i.g.S.k.algorithm.Dijkstra - Total Hops: 0
2026-03-20 15:29:24.658 WARN  [main] i.g.S.k.algorithm.Dijkstra - Path Risk Score: 0.0 (UNKNOWN)
2026-03-20 15:29:24.658 WARN  [main] i.g.S.k.algorithm.Dijkstra - Path Details:
2026-03-20 15:29:24.658 WARN  [main] i.g.S.k.algorithm.Dijkstra - ⚠ WARNING: Attack Path Detected
2026-03-20 15:29:24.658 WARN  [main] i.g.S.k.algorithm.Dijkstra - Source: kubernetes-dashboard/ServiceAccount:kubernetes-dashboard:kubernetes-dashboard (ServiceAccount)
2026-03-20 15:29:24.659 WARN  [main] i.g.S.k.algorithm.Dijkstra - Target: cluster-scoped/ClusterRole:cluster-scoped:cluster-admin (ClusterRole)
2026-03-20 15:29:24.659 WARN  [main] i.g.S.k.algorithm.Dijkstra - Total Hops: 1
2026-03-20 15:29:24.659 WARN  [main] i.g.S.k.algorithm.Dijkstra - Path Risk Score: 9.8 (CRITICAL)
2026-03-20 15:29:24.659 WARN  [main] i.g.S.k.algorithm.Dijkstra - Path Details:
2026-03-20 15:29:24.659 WARN  [main] i.g.S.k.algorithm.Dijkstra -    ServiceAccount:kubernetes-dashboard:kubernetes-dashboard --[bound_to]--> ClusterRole:cluster-scoped:cluster-admin
2026-03-20 15:29:24.659 INFO  [main] i.g.S.k8sattackmap.Main - Most vulnerable attack path discovered:
2026-03-20 15:29:24.659 INFO  [main] i.g.S.k8sattackmap.Main - Source: ServiceAccount:kubernetes-dashboard:kubernetes-dashboard
2026-03-20 15:29:24.659 INFO  [main] i.g.S.k8sattackmap.Main - Target: ClusterRole:cluster-scoped:cluster-admin
2026-03-20 15:29:24.659 INFO  [main] i.g.S.k8sattackmap.Main - Total Hops: 1
2026-03-20 15:29:24.659 INFO  [main] i.g.S.k8sattackmap.Main - Path Risk Score: 9.8 (CRITICAL)
2026-03-20 15:29:24.659 INFO  [main] i.g.S.k8sattackmap.Main - Path Details:
2026-03-20 15:29:24.659 INFO  [main] i.g.S.k8sattackmap.Main -    ServiceAccount:kubernetes-dashboard:kubernetes-dashboard --[bound_to]--> ClusterRole:cluster-scoped:cluster-admin
2026-03-20 15:29:24.659 INFO  [main] i.g.S.k8sattackmap.Main - Running blast radius analysis for the discovered attack path...
2026-03-20 15:29:24.660 DEBUG [main] i.g.S.k8sattackmap.algorithm.BFS - Starting BFS from node: ServiceAccount:kubernetes-dashboard:kubernetes-dashboard with max hops: 3
2026-03-20 15:29:24.661 DEBUG [main] i.g.S.k8sattackmap.algorithm.BFS - BFS completed. Total affected nodes within 3 hops: 8
2026-03-20 15:29:24.661 DEBUG [main] i.g.S.k8sattackmap.algorithm.BFS - Affected nodes: [kubernetes-dashboard/Service:kubernetes-dashboard:dashboard-metrics-scraper (Service), kubernetes-dashboard/Secret:kubernetes-dashboard:kubernetes-dashboard-key-holder (Secret), kubernetes-dashboard/Secret:kubernetes-dashboard:kubernetes-dashboard-certs (Secret), cluster-scoped/ClusterRole:cluster-scoped:cluster-admin (ClusterRole), kubernetes-dashboard/Secret:kubernetes-dashboard:kubernetes-dashboard-csrf (Secret), kubernetes-dashboard/ConfigMap:kubernetes-dashboard:kubernetes-dashboard-settings (ConfigMap), kubernetes-dashboard/ServiceAccount:kubernetes-dashboard:kubernetes-dashboard (ServiceAccount), kubernetes-dashboard/Role:kubernetes-dashboard:kubernetes-dashboard (Role)]
2026-03-20 15:29:24.661 INFO  [main] i.g.S.k8sattackmap.Main - Estimated Blast Radius (8 nodes within 3 hops):
2026-03-20 15:29:24.661 INFO  [main] i.g.S.k8sattackmap.Main -    - Service:kubernetes-dashboard:dashboard-metrics-scraper
2026-03-20 15:29:24.661 INFO  [main] i.g.S.k8sattackmap.Main -    - Secret:kubernetes-dashboard:kubernetes-dashboard-key-holder
2026-03-20 15:29:24.661 INFO  [main] i.g.S.k8sattackmap.Main -    - Secret:kubernetes-dashboard:kubernetes-dashboard-certs
2026-03-20 15:29:24.661 INFO  [main] i.g.S.k8sattackmap.Main -    - ClusterRole:cluster-scoped:cluster-admin
2026-03-20 15:29:24.661 INFO  [main] i.g.S.k8sattackmap.Main -    - Secret:kubernetes-dashboard:kubernetes-dashboard-csrf
2026-03-20 15:29:24.661 INFO  [main] i.g.S.k8sattackmap.Main -    - ConfigMap:kubernetes-dashboard:kubernetes-dashboard-settings
2026-03-20 15:29:24.661 INFO  [main] i.g.S.k8sattackmap.Main -    - ServiceAccount:kubernetes-dashboard:kubernetes-dashboard
2026-03-20 15:29:24.661 INFO  [main] i.g.S.k8sattackmap.Main -    - Role:kubernetes-dashboard:kubernetes-dashboard
2026-03-20 15:35:01.580 DEBUG [main] i.g.S.k8sattackmap.Main - Verbose logging enabled.
2026-03-20 15:35:01.580 INFO  [main] i.g.S.k8sattackmap.Main - No Kubernetes JSON path provided. Using kubectl to extract cluster data...
2026-03-20 15:35:01.581 INFO  [main] i.g.S.k.ingestion.KubectlExtractor - Fetching cluster state from Kubectl...
2026-03-20 15:35:01.709 DEBUG [main] i.g.S.k.ingestion.KubectlExtractor - Successfully fetched cluster state JSON. Length: 516937 characters
2026-03-20 15:35:01.781 DEBUG [main] i.g.S.k.ingestion.K8sJsonParser - Parsing Kubernetes JSON data with 237 items.
2026-03-20 15:35:01.783 INFO  [main] i.g.S.k.security.TrivyScanner - Scanning image registry.k8s.io/coredns/coredns:v1.13.1
2026-03-20 15:37:58.974 DEBUG [main] i.g.S.k8sattackmap.Main - Verbose logging enabled.
2026-03-20 15:37:58.974 INFO  [main] i.g.S.k8sattackmap.Main - No Kubernetes JSON path provided. Using kubectl to extract cluster data...
2026-03-20 15:37:58.975 INFO  [main] i.g.S.k.ingestion.KubectlExtractor - Fetching cluster state from Kubectl...
2026-03-20 15:37:59.097 DEBUG [main] i.g.S.k.ingestion.KubectlExtractor - Successfully fetched cluster state JSON. Length: 516937 characters
2026-03-20 15:37:59.165 DEBUG [main] i.g.S.k.ingestion.K8sJsonParser - Parsing Kubernetes JSON data with 237 items.
2026-03-20 15:37:59.167 INFO  [main] i.g.S.k.security.TrivyScanner - Scanning image registry.k8s.io/coredns/coredns:v1.13.1
2026-03-20 15:38:00.699 INFO  [main] i.g.S.k.security.TrivyScanner - Scanning image registry.k8s.io/etcd:3.6.6-0
2026-03-20 15:38:02.095 INFO  [main] i.g.S.k.security.TrivyScanner - Scanning image registry.k8s.io/kube-apiserver:v1.35.1
2026-03-20 15:38:03.360 INFO  [main] i.g.S.k.security.TrivyScanner - Scanning image registry.k8s.io/kube-controller-manager:v1.35.1
2026-03-20 15:39:58.268 DEBUG [main] i.g.S.k8sattackmap.Main - Verbose logging enabled.
2026-03-20 15:39:58.268 INFO  [main] i.g.S.k8sattackmap.Main - No Kubernetes JSON path provided. Using kubectl to extract cluster data...
2026-03-20 15:39:58.269 INFO  [main] i.g.S.k.ingestion.KubectlExtractor - Fetching cluster state from Kubectl...
2026-03-20 15:39:58.399 DEBUG [main] i.g.S.k.ingestion.KubectlExtractor - Successfully fetched cluster state JSON. Length: 516937 characters
2026-03-20 15:39:58.466 DEBUG [main] i.g.S.k.ingestion.K8sJsonParser - Parsing Kubernetes JSON data with 237 items.
2026-03-20 15:39:58.468 INFO  [main] i.g.S.k.security.TrivyScanner - Scanning image registry.k8s.io/coredns/coredns:v1.13.1
2026-03-20 15:40:00.140 INFO  [main] i.g.S.k.security.TrivyScanner - Scanning image registry.k8s.io/etcd:3.6.6-0
2026-03-20 15:40:01.517 INFO  [main] i.g.S.k.security.TrivyScanner - Scanning image registry.k8s.io/kube-apiserver:v1.35.1
2026-03-20 15:40:02.930 INFO  [main] i.g.S.k.security.TrivyScanner - Scanning image registry.k8s.io/kube-controller-manager:v1.35.1
2026-03-20 19:20:31.819 DEBUG [main] i.g.S.k8sattackmap.Main - Verbose logging enabled.
2026-03-20 19:20:31.820 INFO  [main] i.g.S.k8sattackmap.Main - No Kubernetes JSON path provided. Using kubectl to extract cluster data...
2026-03-20 19:20:31.820 INFO  [main] i.g.S.k.ingestion.KubectlExtractor - Fetching cluster state from Kubectl...
2026-03-20 19:20:31.951 DEBUG [main] i.g.S.k.ingestion.KubectlExtractor - Successfully fetched cluster state JSON. Length: 516937 characters
2026-03-20 19:20:32.021 DEBUG [main] i.g.S.k.ingestion.K8sJsonParser - Parsing Kubernetes JSON data with 237 items.
2026-03-20 19:20:32.023 INFO  [main] i.g.S.k.security.TrivyScanner - Scanning image registry.k8s.io/coredns/coredns:v1.13.1
2026-03-20 19:22:07.510 DEBUG [main] i.g.S.k8sattackmap.Main - Verbose logging enabled.
2026-03-20 19:22:07.511 INFO  [main] i.g.S.k8sattackmap.Main - No Kubernetes JSON path provided. Using kubectl to extract cluster data...
2026-03-20 19:22:07.512 INFO  [main] i.g.S.k.ingestion.KubectlExtractor - Fetching cluster state from Kubectl...
2026-03-20 19:22:07.671 DEBUG [main] i.g.S.k.ingestion.KubectlExtractor - Successfully fetched cluster state JSON. Length: 516937 characters
2026-03-20 19:22:07.740 DEBUG [main] i.g.S.k.ingestion.K8sJsonParser - Parsing Kubernetes JSON data with 237 items.
2026-03-20 19:22:07.742 INFO  [main] i.g.S.k.security.TrivyScanner - Scanning image registry.k8s.io/coredns/coredns:v1.13.1
2026-03-20 19:23:59.048 DEBUG [main] i.g.S.k8sattackmap.Main - Verbose logging enabled.
2026-03-20 19:23:59.048 INFO  [main] i.g.S.k8sattackmap.Main - No Kubernetes JSON path provided. Using kubectl to extract cluster data...
2026-03-20 19:23:59.049 INFO  [main] i.g.S.k.ingestion.KubectlExtractor - Fetching cluster state from Kubectl...
2026-03-20 19:23:59.199 DEBUG [main] i.g.S.k.ingestion.KubectlExtractor - Successfully fetched cluster state JSON. Length: 516937 characters
2026-03-20 19:23:59.297 DEBUG [main] i.g.S.k.ingestion.K8sJsonParser - Parsing Kubernetes JSON data with 237 items.
2026-03-20 19:23:59.300 INFO  [main] i.g.S.k.security.TrivyScanner - Scanning image registry.k8s.io/coredns/coredns:v1.13.1
2026-03-20 19:24:22.398 DEBUG [main] i.g.S.k8sattackmap.Main - Verbose logging enabled.
2026-03-20 19:24:22.399 INFO  [main] i.g.S.k8sattackmap.Main - No Kubernetes JSON path provided. Using kubectl to extract cluster data...
2026-03-20 19:24:22.400 INFO  [main] i.g.S.k.ingestion.KubectlExtractor - Fetching cluster state from Kubectl...
2026-03-20 19:24:22.549 DEBUG [main] i.g.S.k.ingestion.KubectlExtractor - Successfully fetched cluster state JSON. Length: 516937 characters
2026-03-20 19:24:22.620 DEBUG [main] i.g.S.k.ingestion.K8sJsonParser - Parsing Kubernetes JSON data with 237 items.
2026-03-20 19:24:22.622 INFO  [main] i.g.S.k.security.TrivyScanner - Scanning image registry.k8s.io/coredns/coredns:v1.13.1
2026-03-20 19:27:14.994 DEBUG [main] i.g.S.k8sattackmap.Main - Verbose logging enabled.
2026-03-20 19:27:14.994 INFO  [main] i.g.S.k8sattackmap.Main - No Kubernetes JSON path provided. Using kubectl to extract cluster data...
2026-03-20 19:27:14.995 INFO  [main] i.g.S.k.ingestion.KubectlExtractor - Fetching cluster state from Kubectl...
2026-03-20 19:27:15.138 DEBUG [main] i.g.S.k.ingestion.KubectlExtractor - Successfully fetched cluster state JSON. Length: 516937 characters
2026-03-20 19:27:15.219 DEBUG [main] i.g.S.k.ingestion.K8sJsonParser - Parsing Kubernetes JSON data with 237 items.
2026-03-20 19:27:15.221 INFO  [main] i.g.S.k.security.TrivyScanner - Scanning image registry.k8s.io/coredns/coredns:v1.13.1
2026-03-20 19:27:27.478 DEBUG [main] i.g.S.k8sattackmap.Main - Verbose logging enabled.
2026-03-20 19:27:27.479 INFO  [main] i.g.S.k8sattackmap.Main - No Kubernetes JSON path provided. Using kubectl to extract cluster data...
2026-03-20 19:27:27.479 INFO  [main] i.g.S.k.ingestion.KubectlExtractor - Fetching cluster state from Kubectl...
2026-03-20 19:27:27.620 DEBUG [main] i.g.S.k.ingestion.KubectlExtractor - Successfully fetched cluster state JSON. Length: 516937 characters
2026-03-20 19:27:27.684 DEBUG [main] i.g.S.k.ingestion.K8sJsonParser - Parsing Kubernetes JSON data with 237 items.
2026-03-20 19:27:27.686 INFO  [main] i.g.S.k.security.TrivyScanner - Scanning image registry.k8s.io/coredns/coredns:v1.13.1
2026-03-20 19:29:59.777 DEBUG [main] i.g.S.k8sattackmap.Main - Verbose logging enabled.
2026-03-20 19:29:59.778 INFO  [main] i.g.S.k8sattackmap.Main - No Kubernetes JSON path provided. Using kubectl to extract cluster data...
2026-03-20 19:29:59.779 INFO  [main] i.g.S.k.ingestion.KubectlExtractor - Fetching cluster state from Kubectl...
2026-03-20 19:29:59.919 DEBUG [main] i.g.S.k.ingestion.KubectlExtractor - Successfully fetched cluster state JSON. Length: 516937 characters
2026-03-20 19:29:59.986 DEBUG [main] i.g.S.k.ingestion.K8sJsonParser - Parsing Kubernetes JSON data with 237 items.
2026-03-20 19:29:59.988 INFO  [main] i.g.S.k.security.TrivyScanner - Scanning image registry.k8s.io/coredns/coredns:v1.13.1
2026-03-20 19:30:01.357 INFO  [main] i.g.S.k.security.TrivyScanner - Scanning image registry.k8s.io/etcd:3.6.6-0
2026-03-20 19:39:03.374 DEBUG [main] i.g.S.k8sattackmap.Main - Verbose logging enabled.
2026-03-20 19:39:03.374 INFO  [main] i.g.S.k8sattackmap.Main - No Kubernetes JSON path provided. Using kubectl to extract cluster data...
2026-03-20 19:39:03.375 INFO  [main] i.g.S.k.ingestion.KubectlExtractor - Fetching cluster state from Kubectl...
2026-03-20 19:39:03.508 DEBUG [main] i.g.S.k.ingestion.KubectlExtractor - Successfully fetched cluster state JSON. Length: 516937 characters
2026-03-20 19:39:03.568 DEBUG [main] i.g.S.k.ingestion.K8sJsonParser - Parsing Kubernetes JSON data with 237 items.
2026-03-20 19:39:03.570 INFO  [main] i.g.S.k.security.TrivyScanner - Scanning image registry.k8s.io/coredns/coredns:v1.13.1
2026-03-20 19:40:40.178 DEBUG [main] i.g.S.k8sattackmap.Main - Verbose logging enabled.
2026-03-20 19:40:40.179 INFO  [main] i.g.S.k8sattackmap.Main - No Kubernetes JSON path provided. Using kubectl to extract cluster data...
2026-03-20 19:40:40.179 INFO  [main] i.g.S.k.ingestion.KubectlExtractor - Fetching cluster state from Kubectl...
2026-03-20 19:40:40.326 DEBUG [main] i.g.S.k.ingestion.KubectlExtractor - Successfully fetched cluster state JSON. Length: 516937 characters
2026-03-20 19:40:40.398 DEBUG [main] i.g.S.k.ingestion.K8sJsonParser - Parsing Kubernetes JSON data with 237 items.
2026-03-20 19:40:40.400 INFO  [main] i.g.S.k.security.TrivyScanner - Scanning image registry.k8s.io/coredns/coredns:v1.13.1
2026-03-20 19:41:18.353 DEBUG [main] i.g.S.k8sattackmap.Main - Verbose logging enabled.
2026-03-20 19:41:18.353 INFO  [main] i.g.S.k8sattackmap.Main - No Kubernetes JSON path provided. Using kubectl to extract cluster data...
2026-03-20 19:41:18.354 INFO  [main] i.g.S.k.ingestion.KubectlExtractor - Fetching cluster state from Kubectl...
2026-03-20 19:41:18.494 DEBUG [main] i.g.S.k.ingestion.KubectlExtractor - Successfully fetched cluster state JSON. Length: 516937 characters
2026-03-20 19:41:18.562 DEBUG [main] i.g.S.k.ingestion.K8sJsonParser - Parsing Kubernetes JSON data with 237 items.
2026-03-20 19:41:18.565 INFO  [main] i.g.S.k.security.TrivyScanner - Scanning image registry.k8s.io/coredns/coredns:v1.13.1
2026-03-20 19:41:20.342 INFO  [main] i.g.S.k.security.TrivyScanner - Scanning image registry.k8s.io/etcd:3.6.6-0
2026-03-20 19:41:21.632 INFO  [main] i.g.S.k.security.TrivyScanner - Scanning image registry.k8s.io/kube-apiserver:v1.35.1
2026-03-20 19:42:24.775 DEBUG [main] i.g.S.k8sattackmap.Main - Verbose logging enabled.
2026-03-20 19:42:24.776 INFO  [main] i.g.S.k8sattackmap.Main - No Kubernetes JSON path provided. Using kubectl to extract cluster data...
2026-03-20 19:42:24.776 INFO  [main] i.g.S.k.ingestion.KubectlExtractor - Fetching cluster state from Kubectl...
2026-03-20 19:42:24.926 DEBUG [main] i.g.S.k.ingestion.KubectlExtractor - Successfully fetched cluster state JSON. Length: 516937 characters
2026-03-20 19:42:24.995 DEBUG [main] i.g.S.k.ingestion.K8sJsonParser - Parsing Kubernetes JSON data with 237 items.
2026-03-20 19:42:24.997 INFO  [main] i.g.S.k.security.TrivyScanner - Scanning image registry.k8s.io/coredns/coredns:v1.13.1
2026-03-20 19:42:44.725 DEBUG [main] i.g.S.k8sattackmap.Main - Verbose logging enabled.
2026-03-20 19:42:44.726 INFO  [main] i.g.S.k8sattackmap.Main - No Kubernetes JSON path provided. Using kubectl to extract cluster data...
2026-03-20 19:42:44.726 INFO  [main] i.g.S.k.ingestion.KubectlExtractor - Fetching cluster state from Kubectl...
2026-03-20 19:42:44.854 DEBUG [main] i.g.S.k.ingestion.KubectlExtractor - Successfully fetched cluster state JSON. Length: 516937 characters
2026-03-20 19:42:44.920 DEBUG [main] i.g.S.k.ingestion.K8sJsonParser - Parsing Kubernetes JSON data with 237 items.
2026-03-20 19:42:44.921 INFO  [main] i.g.S.k.security.TrivyScanner - Scanning image registry.k8s.io/coredns/coredns:v1.13.1
2026-03-20 19:42:46.765 INFO  [main] i.g.S.k.security.TrivyScanner - Scanning image registry.k8s.io/etcd:3.6.6-0
2026-03-20 19:42:48.044 INFO  [main] i.g.S.k.security.TrivyScanner - Scanning image registry.k8s.io/kube-apiserver:v1.35.1
2026-03-20 19:47:10.069 DEBUG [main] i.g.S.k8sattackmap.Main - Verbose logging enabled.
2026-03-20 19:47:10.069 INFO  [main] i.g.S.k8sattackmap.Main - No Kubernetes JSON path provided. Using kubectl to extract cluster data...
2026-03-20 19:47:10.070 INFO  [main] i.g.S.k.ingestion.KubectlExtractor - Fetching cluster state from Kubectl...
2026-03-20 19:47:10.196 DEBUG [main] i.g.S.k.ingestion.KubectlExtractor - Successfully fetched cluster state JSON. Length: 516937 characters
2026-03-20 19:47:10.268 DEBUG [main] i.g.S.k.ingestion.K8sJsonParser - Parsing Kubernetes JSON data with 237 items.
2026-03-20 19:47:10.271 INFO  [main] i.g.S.k.security.TrivyScanner - Scanning image registry.k8s.io/coredns/coredns:v1.13.1
2026-03-20 19:47:12.124 INFO  [main] i.g.S.k.security.TrivyScanner - Scanning image registry.k8s.io/etcd:3.6.6-0
2026-03-20 19:47:50.764 DEBUG [main] i.g.S.k8sattackmap.Main - Verbose logging enabled.
2026-03-20 19:47:50.765 INFO  [main] i.g.S.k8sattackmap.Main - No Kubernetes JSON path provided. Using kubectl to extract cluster data...
2026-03-20 19:47:50.765 INFO  [main] i.g.S.k.ingestion.KubectlExtractor - Fetching cluster state from Kubectl...
2026-03-20 19:47:50.919 DEBUG [main] i.g.S.k.ingestion.KubectlExtractor - Successfully fetched cluster state JSON. Length: 516937 characters
2026-03-20 19:47:50.982 DEBUG [main] i.g.S.k.ingestion.K8sJsonParser - Parsing Kubernetes JSON data with 237 items.
2026-03-20 19:47:50.983 INFO  [main] i.g.S.k.security.TrivyScanner - Scanning image registry.k8s.io/coredns/coredns:v1.13.1
2026-03-20 19:48:02.637 DEBUG [main] i.g.S.k8sattackmap.Main - Verbose logging enabled.
2026-03-20 19:48:02.637 INFO  [main] i.g.S.k8sattackmap.Main - No Kubernetes JSON path provided. Using kubectl to extract cluster data...
2026-03-20 19:48:02.638 INFO  [main] i.g.S.k.ingestion.KubectlExtractor - Fetching cluster state from Kubectl...
2026-03-20 19:48:02.766 DEBUG [main] i.g.S.k.ingestion.KubectlExtractor - Successfully fetched cluster state JSON. Length: 516937 characters
2026-03-20 19:48:02.839 DEBUG [main] i.g.S.k.ingestion.K8sJsonParser - Parsing Kubernetes JSON data with 237 items.
2026-03-20 19:48:02.841 INFO  [main] i.g.S.k.security.TrivyScanner - Scanning image registry.k8s.io/coredns/coredns:v1.13.1
2026-03-20 19:48:23.109 DEBUG [main] i.g.S.k8sattackmap.Main - Verbose logging enabled.
2026-03-20 19:48:23.110 INFO  [main] i.g.S.k8sattackmap.Main - No Kubernetes JSON path provided. Using kubectl to extract cluster data...
2026-03-20 19:48:23.110 INFO  [main] i.g.S.k.ingestion.KubectlExtractor - Fetching cluster state from Kubectl...
2026-03-20 19:48:23.242 DEBUG [main] i.g.S.k.ingestion.KubectlExtractor - Successfully fetched cluster state JSON. Length: 516937 characters
2026-03-20 19:48:23.310 DEBUG [main] i.g.S.k.ingestion.K8sJsonParser - Parsing Kubernetes JSON data with 237 items.
2026-03-20 19:48:23.312 INFO  [main] i.g.S.k.security.TrivyScanner - Scanning image registry.k8s.io/coredns/coredns:v1.13.1
2026-03-20 19:49:06.517 DEBUG [main] i.g.S.k8sattackmap.Main - Verbose logging enabled.
2026-03-20 19:49:06.517 INFO  [main] i.g.S.k8sattackmap.Main - No Kubernetes JSON path provided. Using kubectl to extract cluster data...
2026-03-20 19:49:06.518 INFO  [main] i.g.S.k.ingestion.KubectlExtractor - Fetching cluster state from Kubectl...
2026-03-20 19:49:06.655 DEBUG [main] i.g.S.k.ingestion.KubectlExtractor - Successfully fetched cluster state JSON. Length: 516937 characters
2026-03-20 19:49:06.724 DEBUG [main] i.g.S.k.ingestion.K8sJsonParser - Parsing Kubernetes JSON data with 237 items.
2026-03-20 19:49:06.726 INFO  [main] i.g.S.k.security.TrivyScanner - Scanning image registry.k8s.io/coredns/coredns:v1.13.1
2026-03-20 19:49:08.409 INFO  [main] i.g.S.k.security.TrivyScanner - Scanning image registry.k8s.io/etcd:3.6.6-0
2026-03-20 19:49:08.423 ERROR [main] i.g.S.k.security.TrivyScanner - Trivy image scan returned with error code 130 and error message 
2026-03-20 19:49:08.423 WARN  [main] i.g.S.k.security.TrivyScanner - Trivy scan failed for image registry.k8s.io/etcd:3.6.6-0. Returning default risk score of 0.0.
2026-03-20 19:49:08.423 INFO  [main] i.g.S.k.security.TrivyScanner - Scanning image registry.k8s.io/kube-apiserver:v1.35.1
